2024-11-29 20:03:12 [Thread-1] INFO  CustomerRun - Ticket purchased by gern234 (Event: eolo)
2024-11-29 20:03:14 [Thread-1] INFO  CustomerRun - Ticket purchased by gern234 (Event: eolo)
2024-11-29 20:03:16 [Thread-1] INFO  CustomerRun - Ticket purchased by gern234 (Event: eolo)
2024-11-29 20:03:18 [Thread-1] INFO  CustomerRun - Ticket purchased by gern234 (Event: eolo)
2024-11-29 20:03:20 [Thread-1] INFO  CustomerRun - Ticket purchased by gern234 (Event: eolo)
2024-11-29 20:03:22 [Thread-1] INFO  CustomerRun - Ticket purchased by gern234 (Event: eolo)
2024-11-29 20:03:24 [Thread-1] INFO  CustomerRun - Ticket purchased by gern234 (Event: eolo)
2024-11-29 20:03:26 [Thread-1] INFO  CustomerRun - Ticket purchased by gern234 (Event: eolo)
2024-11-29 20:03:28 [Thread-1] INFO  CustomerRun - Ticket purchased by gern234 (Event: eolo)
2024-11-29 20:03:30 [Thread-1] INFO  CustomerRun - Ticket purchased by gern234 (Event: eolo)
2024-11-29 20:03:32 [Thread-1] INFO  CustomerRun - Ticket purchased by gern234 (Event: eolo)
2024-11-29 20:03:34 [Thread-1] INFO  CustomerRun - Ticket purchased by gern234 (Event: eolo)
2024-11-29 20:03:36 [Thread-1] INFO  CustomerRun - Ticket purchased by gern234 (Event: eolo)
2024-11-29 20:03:38 [Thread-1] INFO  CustomerRun - Ticket purchased by gern234 (Event: eolo)
2024-11-29 20:03:40 [Thread-1] INFO  CustomerRun - Ticket purchased by gern234 (Event: eolo)
2024-11-29 20:03:42 [Thread-1] INFO  CustomerRun - Ticket purchased by gern234 (Event: eolo)
2024-11-29 20:03:44 [Thread-1] INFO  CustomerRun - Ticket purchased by gern234 (Event: eolo)
2024-11-29 20:03:46 [Thread-1] INFO  CustomerRun - Ticket purchased by gern234 (Event: eolo)
2024-11-29 20:03:48 [Thread-1] INFO  CustomerRun - Ticket purchased by gern234 (Event: eolo)
2024-11-29 20:03:50 [Thread-1] INFO  CustomerRun - Ticket purchased by gern234 (Event: eolo)
2024-11-29 20:03:52 [Thread-1] INFO  CustomerRun - Ticket purchased by gern234 (Event: eolo)
2024-11-29 20:03:54 [Thread-1] INFO  CustomerRun - Ticket purchased by gern234 (Event: eolo)
2024-11-29 20:03:56 [Thread-1] INFO  CustomerRun - Ticket purchased by gern234 (Event: eolo)
2024-11-29 20:03:58 [Thread-1] INFO  CustomerRun - Ticket purchased by gern234 (Event: eolo)
2024-11-29 20:04:00 [Thread-1] INFO  CustomerRun - Ticket purchased by gern234 (Event: eolo)
2024-11-29 20:04:02 [Thread-1] INFO  CustomerRun - Ticket purchased by gern234 (Event: eolo)
2024-11-29 20:04:04 [Thread-1] INFO  CustomerRun - Ticket purchased by gern234 (Event: eolo)
2024-11-29 20:04:06 [Thread-1] INFO  CustomerRun - Ticket purchased by gern234 (Event: eolo)
2024-11-29 20:04:08 [Thread-1] INFO  CustomerRun - Ticket purchased by gern234 (Event: eolo)
2024-11-29 20:04:10 [Thread-1] INFO  CustomerRun - Ticket purchased by gern234 (Event: eolo)
2024-11-29 20:04:12 [Thread-1] INFO  CustomerRun - Ticket purchased by gern234 (Event: eolo)
2024-11-29 20:04:14 [Thread-1] INFO  CustomerRun - Ticket purchased by gern234 (Event: eolo)
2024-11-29 20:04:16 [Thread-1] INFO  CustomerRun - Ticket purchased by gern234 (Event: eolo)
2024-11-29 20:04:18 [Thread-1] INFO  CustomerRun - Ticket purchased by gern234 (Event: eolo)
2024-11-29 20:04:21 [Thread-1] INFO  CustomerRun - Ticket purchased by gern234 (Event: eolo)
2024-11-29 20:04:23 [Thread-1] INFO  CustomerRun - Ticket purchased by gern234 (Event: eolo)
2024-11-29 20:04:25 [Thread-1] INFO  CustomerRun - Ticket purchased by gern234 (Event: eolo)
2024-11-29 20:04:27 [Thread-1] INFO  CustomerRun - Ticket purchased by gern234 (Event: eolo)
2024-11-29 20:04:29 [Thread-1] INFO  CustomerRun - Ticket purchased by gern234 (Event: eolo)
2024-11-29 20:04:31 [Thread-1] INFO  CustomerRun - Ticket purchased by gern234 (Event: eolo)
2024-11-29 20:05:57 [Thread-1] INFO  CustomerRun - Ticket purchased by gern234 (Event: eolo)
2024-11-29 20:05:59 [Thread-1] INFO  CustomerRun - Ticket purchased by gern234 (Event: eolo)
2024-11-29 20:06:01 [Thread-1] INFO  CustomerRun - Ticket purchased by gern234 (Event: eolo)
2024-11-29 20:06:03 [Thread-1] INFO  CustomerRun - Ticket purchased by gern234 (Event: eolo)
2024-11-29 20:06:05 [Thread-1] INFO  CustomerRun - Ticket purchased by gern234 (Event: eolo)
2024-11-29 20:06:07 [Thread-1] INFO  CustomerRun - Ticket purchased by gern234 (Event: eolo)
2024-11-29 20:06:09 [Thread-1] INFO  CustomerRun - Ticket purchased by gern234 (Event: eolo)
2024-11-29 20:06:11 [Thread-1] INFO  CustomerRun - Ticket purchased by gern234 (Event: eolo)
2024-11-29 20:06:14 [Thread-1] INFO  CustomerRun - Ticket purchased by gern234 (Event: eolo)
2024-11-29 20:06:16 [Thread-1] INFO  CustomerRun - Ticket purchased by gern234 (Event: eolo)
2024-11-29 20:06:18 [Thread-1] INFO  CustomerRun - Ticket purchasing completed for consumer: gern234 (Event: eolo)
2024-12-09 10:29:09 [Thread-4] INFO  CustomerRun - Ticket purchased by robe234 (Event: rolo)
2024-12-09 10:29:09 [Thread-5] INFO  CustomerRun - Ticket purchased by bele234 (Event: polo)
2024-12-09 10:29:09 [Thread-6] INFO  CustomerRun - Ticket purchased by relo234 (Event: yolo)
2024-12-09 10:29:10 [Thread-7] INFO  CustomerRun - Ticket purchased by robe234 (Event: holo)
2024-12-09 10:29:11 [Thread-4] INFO  CustomerRun - Ticket purchased by robe234 (Event: rolo)
2024-12-09 10:29:11 [Thread-5] INFO  CustomerRun - Ticket purchased by bele234 (Event: polo)
2024-12-09 10:29:11 [Thread-6] INFO  CustomerRun - Ticket purchased by relo234 (Event: yolo)
2024-12-09 10:29:12 [Thread-7] INFO  CustomerRun - Ticket purchased by robe234 (Event: holo)
2024-12-09 10:29:13 [Thread-4] INFO  CustomerRun - Ticket purchased by robe234 (Event: rolo)
2024-12-09 10:29:13 [Thread-6] INFO  CustomerRun - Ticket purchased by relo234 (Event: yolo)
2024-12-09 10:29:13 [Thread-5] INFO  CustomerRun - Ticket purchased by bele234 (Event: polo)
2024-12-09 10:29:14 [Thread-7] INFO  CustomerRun - Ticket purchased by robe234 (Event: holo)
2024-12-09 10:29:15 [Thread-4] INFO  CustomerRun - Ticket purchased by robe234 (Event: rolo)
2024-12-09 10:29:15 [Thread-6] INFO  CustomerRun - Ticket purchased by relo234 (Event: yolo)
2024-12-09 10:29:15 [Thread-5] INFO  CustomerRun - Ticket purchased by bele234 (Event: polo)
2024-12-09 10:29:16 [Thread-7] INFO  CustomerRun - Ticket purchased by robe234 (Event: holo)
2024-12-09 10:29:17 [Thread-4] INFO  CustomerRun - Ticket purchased by robe234 (Event: rolo)
2024-12-09 10:29:17 [Thread-6] INFO  CustomerRun - Ticket purchased by relo234 (Event: yolo)
2024-12-09 10:29:17 [Thread-5] INFO  CustomerRun - Ticket purchased by bele234 (Event: polo)
2024-12-09 10:29:18 [Thread-7] INFO  CustomerRun - Ticket purchased by robe234 (Event: holo)
2024-12-09 10:29:19 [Thread-4] INFO  CustomerRun - Ticket purchased by robe234 (Event: rolo)
2024-12-09 10:29:19 [Thread-5] INFO  CustomerRun - Ticket purchased by bele234 (Event: polo)
2024-12-09 10:29:19 [Thread-6] INFO  CustomerRun - Ticket purchased by relo234 (Event: yolo)
2024-12-09 10:29:20 [Thread-7] INFO  CustomerRun - Ticket purchased by robe234 (Event: holo)
2024-12-09 10:29:21 [Thread-4] INFO  CustomerRun - Ticket purchased by robe234 (Event: rolo)
2024-12-09 10:29:21 [Thread-5] INFO  CustomerRun - Ticket purchased by bele234 (Event: polo)
2024-12-09 10:29:22 [Thread-6] INFO  CustomerRun - Ticket purchased by relo234 (Event: yolo)
2024-12-09 10:29:22 [Thread-7] INFO  CustomerRun - Ticket purchased by robe234 (Event: holo)
2024-12-09 10:29:23 [Thread-4] INFO  CustomerRun - Ticket purchased by robe234 (Event: rolo)
2024-12-09 10:29:24 [Thread-5] INFO  CustomerRun - Ticket purchased by bele234 (Event: polo)
2024-12-09 10:29:24 [Thread-6] INFO  CustomerRun - Ticket purchased by relo234 (Event: yolo)
2024-12-09 10:29:24 [Thread-7] INFO  CustomerRun - Ticket purchased by robe234 (Event: holo)
2024-12-09 10:29:26 [Thread-5] INFO  CustomerRun - Ticket purchased by bele234 (Event: polo)
2024-12-09 10:29:26 [Thread-4] INFO  CustomerRun - Ticket purchased by robe234 (Event: rolo)
2024-12-09 10:29:26 [Thread-6] INFO  CustomerRun - Ticket purchased by relo234 (Event: yolo)
2024-12-09 10:29:26 [Thread-7] INFO  CustomerRun - Ticket purchased by robe234 (Event: holo)
2024-12-09 10:29:28 [Thread-4] INFO  CustomerRun - Ticket purchased by robe234 (Event: rolo)
2024-12-09 10:29:28 [Thread-5] INFO  CustomerRun - Ticket purchased by bele234 (Event: polo)
2024-12-09 10:29:28 [Thread-6] INFO  CustomerRun - Ticket purchased by relo234 (Event: yolo)
2024-12-09 10:29:28 [Thread-7] INFO  CustomerRun - Ticket purchased by robe234 (Event: holo)
2024-12-09 10:29:30 [Thread-4] INFO  CustomerRun - Ticket purchased by robe234 (Event: rolo)
2024-12-09 10:29:30 [Thread-5] INFO  CustomerRun - Ticket purchased by bele234 (Event: polo)
2024-12-09 10:29:30 [Thread-6] INFO  CustomerRun - Ticket purchased by relo234 (Event: yolo)
2024-12-09 10:29:30 [Thread-7] INFO  CustomerRun - Ticket purchased by robe234 (Event: holo)
2024-12-09 10:29:32 [Thread-4] INFO  CustomerRun - Ticket purchased by robe234 (Event: rolo)
2024-12-09 10:29:32 [Thread-5] INFO  CustomerRun - Ticket purchased by bele234 (Event: polo)
2024-12-09 10:29:32 [Thread-6] INFO  CustomerRun - Ticket purchased by relo234 (Event: yolo)
2024-12-09 10:29:32 [Thread-7] INFO  CustomerRun - Ticket purchased by robe234 (Event: holo)
2024-12-09 10:29:34 [Thread-4] INFO  CustomerRun - Ticket purchased by robe234 (Event: rolo)
2024-12-09 10:29:34 [Thread-5] INFO  CustomerRun - Ticket purchased by bele234 (Event: polo)
2024-12-09 10:29:34 [Thread-6] INFO  CustomerRun - Ticket purchased by relo234 (Event: yolo)
2024-12-09 10:29:34 [Thread-7] INFO  CustomerRun - Ticket purchased by robe234 (Event: holo)
2024-12-09 10:29:36 [Thread-4] INFO  CustomerRun - Ticket purchased by robe234 (Event: rolo)
2024-12-09 10:29:36 [Thread-5] INFO  CustomerRun - Ticket purchased by bele234 (Event: polo)
2024-12-09 10:29:36 [Thread-6] INFO  CustomerRun - Ticket purchased by relo234 (Event: yolo)
2024-12-09 10:29:36 [Thread-7] INFO  CustomerRun - Ticket purchased by robe234 (Event: holo)
2024-12-09 10:29:38 [Thread-4] INFO  CustomerRun - Ticket purchased by robe234 (Event: rolo)
2024-12-09 10:29:38 [Thread-5] INFO  CustomerRun - Ticket purchased by bele234 (Event: polo)
2024-12-09 10:29:38 [Thread-6] INFO  CustomerRun - Ticket purchased by relo234 (Event: yolo)
2024-12-09 10:29:38 [Thread-7] INFO  CustomerRun - Ticket purchased by robe234 (Event: holo)
2024-12-09 10:29:40 [Thread-4] INFO  CustomerRun - Ticket purchased by robe234 (Event: rolo)
2024-12-09 10:29:40 [Thread-5] INFO  CustomerRun - Ticket purchased by bele234 (Event: polo)
2024-12-09 10:29:40 [Thread-6] INFO  CustomerRun - Ticket purchased by relo234 (Event: yolo)
2024-12-09 10:29:40 [Thread-7] INFO  CustomerRun - Ticket purchased by robe234 (Event: holo)
2024-12-09 10:29:42 [Thread-4] INFO  CustomerRun - Ticket purchased by robe234 (Event: rolo)
2024-12-09 10:29:42 [Thread-5] INFO  CustomerRun - Ticket purchased by bele234 (Event: polo)
2024-12-09 10:29:42 [Thread-6] INFO  CustomerRun - Ticket purchased by relo234 (Event: yolo)
2024-12-09 10:29:42 [Thread-7] INFO  CustomerRun - Ticket purchased by robe234 (Event: holo)
2024-12-09 10:29:44 [Thread-4] INFO  CustomerRun - Ticket purchased by robe234 (Event: rolo)
2024-12-09 10:29:44 [Thread-5] INFO  CustomerRun - Ticket purchased by bele234 (Event: polo)
2024-12-09 10:29:44 [Thread-6] INFO  CustomerRun - Ticket purchased by relo234 (Event: yolo)
2024-12-09 10:29:44 [Thread-7] INFO  CustomerRun - Ticket purchased by robe234 (Event: holo)
2024-12-09 10:29:46 [Thread-4] INFO  CustomerRun - Ticket purchased by robe234 (Event: rolo)
2024-12-09 10:29:46 [Thread-5] INFO  CustomerRun - Ticket purchased by bele234 (Event: polo)
2024-12-09 10:29:46 [Thread-6] INFO  CustomerRun - Ticket purchased by relo234 (Event: yolo)
2024-12-09 10:29:46 [Thread-7] INFO  CustomerRun - Ticket purchased by robe234 (Event: holo)
2024-12-09 10:29:48 [Thread-4] INFO  CustomerRun - Ticket purchased by robe234 (Event: rolo)
2024-12-09 10:29:48 [Thread-5] INFO  CustomerRun - Ticket purchased by bele234 (Event: polo)
2024-12-09 10:29:48 [Thread-6] INFO  CustomerRun - Ticket purchased by relo234 (Event: yolo)
2024-12-09 10:29:48 [Thread-7] INFO  CustomerRun - Ticket purchased by robe234 (Event: holo)
2024-12-09 10:29:50 [Thread-4] INFO  CustomerRun - Ticket purchased by robe234 (Event: rolo)
2024-12-09 10:29:50 [Thread-5] INFO  CustomerRun - Ticket purchased by bele234 (Event: polo)
2024-12-09 10:29:50 [Thread-6] INFO  CustomerRun - Ticket purchased by relo234 (Event: yolo)
2024-12-09 10:29:50 [Thread-7] INFO  CustomerRun - Ticket purchased by robe234 (Event: holo)
2024-12-09 10:29:52 [Thread-4] INFO  CustomerRun - Ticket purchased by robe234 (Event: rolo)
2024-12-09 10:29:52 [Thread-5] INFO  CustomerRun - Ticket purchased by bele234 (Event: polo)
2024-12-09 10:29:52 [Thread-6] INFO  CustomerRun - Ticket purchased by relo234 (Event: yolo)
2024-12-09 10:29:52 [Thread-7] INFO  CustomerRun - Ticket purchased by robe234 (Event: holo)
2024-12-09 10:29:54 [Thread-4] INFO  CustomerRun - Ticket purchased by robe234 (Event: rolo)
2024-12-09 10:29:54 [Thread-5] INFO  CustomerRun - Ticket purchased by bele234 (Event: polo)
2024-12-09 10:29:54 [Thread-6] INFO  CustomerRun - Ticket purchased by relo234 (Event: yolo)
2024-12-09 10:29:54 [Thread-7] INFO  CustomerRun - Ticket purchased by robe234 (Event: holo)
2024-12-09 10:29:56 [Thread-4] INFO  CustomerRun - Ticket purchased by robe234 (Event: rolo)
2024-12-09 10:29:56 [Thread-5] INFO  CustomerRun - Ticket purchased by bele234 (Event: polo)
2024-12-09 10:29:56 [Thread-6] INFO  CustomerRun - Ticket purchased by relo234 (Event: yolo)
2024-12-09 10:29:56 [Thread-7] INFO  CustomerRun - Ticket purchased by robe234 (Event: holo)
2024-12-09 10:29:58 [Thread-4] INFO  CustomerRun - Ticket purchased by robe234 (Event: rolo)
2024-12-09 10:29:58 [Thread-5] INFO  CustomerRun - Ticket purchased by bele234 (Event: polo)
2024-12-09 10:29:58 [Thread-6] INFO  CustomerRun - Ticket purchased by relo234 (Event: yolo)
2024-12-09 10:29:58 [Thread-7] INFO  CustomerRun - Ticket purchased by robe234 (Event: holo)
2024-12-09 10:30:00 [Thread-4] INFO  CustomerRun - Ticket purchased by robe234 (Event: rolo)
2024-12-09 10:30:00 [Thread-5] INFO  CustomerRun - Ticket purchased by bele234 (Event: polo)
2024-12-09 10:30:00 [Thread-6] INFO  CustomerRun - Ticket purchased by relo234 (Event: yolo)
2024-12-09 10:30:00 [Thread-7] INFO  CustomerRun - Ticket purchased by robe234 (Event: holo)
2024-12-09 10:30:02 [Thread-4] INFO  CustomerRun - Ticket purchased by robe234 (Event: rolo)
2024-12-09 10:30:02 [Thread-5] INFO  CustomerRun - Ticket purchased by bele234 (Event: polo)
2024-12-09 10:30:02 [Thread-6] INFO  CustomerRun - Ticket purchased by relo234 (Event: yolo)
2024-12-09 10:30:02 [Thread-7] INFO  CustomerRun - Ticket purchased by robe234 (Event: holo)
2024-12-09 10:30:04 [Thread-4] INFO  CustomerRun - Ticket purchased by robe234 (Event: rolo)
2024-12-09 10:30:04 [Thread-5] INFO  CustomerRun - Ticket purchased by bele234 (Event: polo)
2024-12-09 10:30:04 [Thread-6] INFO  CustomerRun - Ticket purchased by relo234 (Event: yolo)
2024-12-09 10:30:04 [Thread-7] INFO  CustomerRun - Ticket purchased by robe234 (Event: holo)
2024-12-09 10:30:06 [Thread-4] INFO  CustomerRun - Ticket purchased by robe234 (Event: rolo)
2024-12-09 10:30:06 [Thread-5] INFO  CustomerRun - Ticket purchased by bele234 (Event: polo)
2024-12-09 10:30:06 [Thread-6] INFO  CustomerRun - Ticket purchased by relo234 (Event: yolo)
2024-12-09 10:30:06 [Thread-7] INFO  CustomerRun - Ticket purchased by robe234 (Event: holo)
2024-12-09 10:30:08 [Thread-4] INFO  CustomerRun - Ticket purchased by robe234 (Event: rolo)
2024-12-09 10:30:08 [Thread-5] INFO  CustomerRun - Ticket purchased by bele234 (Event: polo)
2024-12-09 10:30:08 [Thread-6] INFO  CustomerRun - Ticket purchased by relo234 (Event: yolo)
2024-12-09 10:30:08 [Thread-7] INFO  CustomerRun - Ticket purchased by robe234 (Event: holo)
2024-12-09 10:30:10 [Thread-4] INFO  CustomerRun - Ticket purchased by robe234 (Event: rolo)
2024-12-09 10:30:10 [Thread-5] INFO  CustomerRun - Ticket purchased by bele234 (Event: polo)
2024-12-09 10:30:10 [Thread-6] INFO  CustomerRun - Ticket purchased by relo234 (Event: yolo)
2024-12-09 10:30:10 [Thread-7] INFO  CustomerRun - Ticket purchased by robe234 (Event: holo)
2024-12-09 10:30:12 [Thread-4] INFO  CustomerRun - Ticket purchased by robe234 (Event: rolo)
2024-12-09 10:30:12 [Thread-5] INFO  CustomerRun - Ticket purchased by bele234 (Event: polo)
2024-12-09 10:30:12 [Thread-6] INFO  CustomerRun - Ticket purchased by relo234 (Event: yolo)
2024-12-09 10:30:12 [Thread-7] INFO  CustomerRun - Ticket purchased by robe234 (Event: holo)
2024-12-09 10:30:14 [Thread-4] INFO  CustomerRun - Ticket purchased by robe234 (Event: rolo)
2024-12-09 10:30:14 [Thread-5] INFO  CustomerRun - Ticket purchased by bele234 (Event: polo)
2024-12-09 10:30:14 [Thread-6] INFO  CustomerRun - Ticket purchased by relo234 (Event: yolo)
2024-12-09 10:30:14 [Thread-7] INFO  CustomerRun - Ticket purchased by robe234 (Event: holo)
2024-12-09 10:30:16 [Thread-4] INFO  CustomerRun - Ticket purchased by robe234 (Event: rolo)
2024-12-09 10:30:16 [Thread-5] INFO  CustomerRun - Ticket purchased by bele234 (Event: polo)
2024-12-09 10:30:16 [Thread-6] INFO  CustomerRun - Ticket purchased by relo234 (Event: yolo)
2024-12-09 10:30:16 [Thread-7] INFO  CustomerRun - Ticket purchased by robe234 (Event: holo)
2024-12-09 10:30:18 [Thread-4] INFO  CustomerRun - Ticket purchased by robe234 (Event: rolo)
2024-12-09 10:30:18 [Thread-5] INFO  CustomerRun - Ticket purchased by bele234 (Event: polo)
2024-12-09 10:30:18 [Thread-6] INFO  CustomerRun - Ticket purchased by relo234 (Event: yolo)
2024-12-09 10:30:18 [Thread-7] INFO  CustomerRun - Ticket purchased by robe234 (Event: holo)
2024-12-09 10:30:20 [Thread-4] INFO  CustomerRun - Ticket purchased by robe234 (Event: rolo)
2024-12-09 10:30:20 [Thread-5] INFO  CustomerRun - Ticket purchased by bele234 (Event: polo)
2024-12-09 10:30:20 [Thread-6] INFO  CustomerRun - Ticket purchased by relo234 (Event: yolo)
2024-12-09 10:30:20 [Thread-7] INFO  CustomerRun - Ticket purchased by robe234 (Event: holo)
2024-12-09 10:30:22 [Thread-4] INFO  CustomerRun - Ticket purchased by robe234 (Event: rolo)
2024-12-09 10:30:22 [Thread-5] INFO  CustomerRun - Ticket purchased by bele234 (Event: polo)
2024-12-09 10:30:22 [Thread-6] INFO  CustomerRun - Ticket purchased by relo234 (Event: yolo)
2024-12-09 10:30:22 [Thread-7] INFO  CustomerRun - Ticket purchased by robe234 (Event: holo)
2024-12-09 10:30:24 [Thread-4] INFO  CustomerRun - Ticket purchased by robe234 (Event: rolo)
2024-12-09 10:30:24 [Thread-5] INFO  CustomerRun - Ticket purchased by bele234 (Event: polo)
2024-12-09 10:30:24 [Thread-6] INFO  CustomerRun - Ticket purchased by relo234 (Event: yolo)
2024-12-09 10:30:24 [Thread-7] INFO  CustomerRun - Ticket purchased by robe234 (Event: holo)
2024-12-09 10:30:26 [Thread-4] INFO  CustomerRun - Ticket purchased by robe234 (Event: rolo)
2024-12-09 10:30:26 [Thread-5] INFO  CustomerRun - Ticket purchased by bele234 (Event: polo)
2024-12-09 10:30:26 [Thread-6] INFO  CustomerRun - Ticket purchased by relo234 (Event: yolo)
2024-12-09 10:30:26 [Thread-7] INFO  CustomerRun - Ticket purchased by robe234 (Event: holo)
2024-12-09 10:30:28 [Thread-4] INFO  CustomerRun - Ticket purchased by robe234 (Event: rolo)
2024-12-09 10:30:28 [Thread-5] INFO  CustomerRun - Ticket purchased by bele234 (Event: polo)
2024-12-09 10:30:28 [Thread-6] INFO  CustomerRun - Ticket purchased by relo234 (Event: yolo)
2024-12-09 10:30:28 [Thread-7] INFO  CustomerRun - Ticket purchased by robe234 (Event: holo)
2024-12-09 10:30:30 [Thread-4] INFO  CustomerRun - Ticket purchased by robe234 (Event: rolo)
2024-12-09 10:30:30 [Thread-5] INFO  CustomerRun - Ticket purchased by bele234 (Event: polo)
2024-12-09 10:30:30 [Thread-6] INFO  CustomerRun - Ticket purchased by relo234 (Event: yolo)
2024-12-09 10:30:30 [Thread-7] INFO  CustomerRun - Ticket purchased by robe234 (Event: holo)
2024-12-09 10:30:32 [Thread-4] INFO  CustomerRun - Ticket purchased by robe234 (Event: rolo)
2024-12-09 10:30:32 [Thread-5] INFO  CustomerRun - Ticket purchased by bele234 (Event: polo)
2024-12-09 10:30:32 [Thread-6] INFO  CustomerRun - Ticket purchased by relo234 (Event: yolo)
2024-12-09 10:30:32 [Thread-7] INFO  CustomerRun - Ticket purchased by robe234 (Event: holo)
2024-12-09 10:30:34 [Thread-4] INFO  CustomerRun - Ticket purchased by robe234 (Event: rolo)
2024-12-09 10:30:34 [Thread-5] INFO  CustomerRun - Ticket purchased by bele234 (Event: polo)
2024-12-09 10:30:34 [Thread-6] INFO  CustomerRun - Ticket purchased by relo234 (Event: yolo)
2024-12-09 10:30:34 [Thread-7] INFO  CustomerRun - Ticket purchased by robe234 (Event: holo)
2024-12-09 10:30:36 [Thread-4] INFO  CustomerRun - Ticket purchased by robe234 (Event: rolo)
2024-12-09 10:30:36 [Thread-5] INFO  CustomerRun - Ticket purchased by bele234 (Event: polo)
2024-12-09 10:30:36 [Thread-6] INFO  CustomerRun - Ticket purchased by relo234 (Event: yolo)
2024-12-09 10:30:36 [Thread-7] INFO  CustomerRun - Ticket purchased by robe234 (Event: holo)
2024-12-09 10:30:38 [Thread-4] INFO  CustomerRun - Ticket purchased by robe234 (Event: rolo)
2024-12-09 10:30:38 [Thread-5] INFO  CustomerRun - Ticket purchased by bele234 (Event: polo)
2024-12-09 10:30:38 [Thread-6] INFO  CustomerRun - Ticket purchased by relo234 (Event: yolo)
2024-12-09 10:30:38 [Thread-7] INFO  CustomerRun - Ticket purchased by robe234 (Event: holo)
2024-12-09 10:30:40 [Thread-4] INFO  CustomerRun - Ticket purchased by robe234 (Event: rolo)
2024-12-09 10:30:40 [Thread-5] INFO  CustomerRun - Ticket purchased by bele234 (Event: polo)
2024-12-09 10:30:40 [Thread-6] INFO  CustomerRun - Ticket purchased by relo234 (Event: yolo)
2024-12-09 10:30:40 [Thread-7] INFO  CustomerRun - Ticket purchased by robe234 (Event: holo)
2024-12-09 10:30:42 [Thread-4] INFO  CustomerRun - Ticket purchased by robe234 (Event: rolo)
2024-12-09 10:30:42 [Thread-5] INFO  CustomerRun - Ticket purchased by bele234 (Event: polo)
2024-12-09 10:30:42 [Thread-6] INFO  CustomerRun - Ticket purchased by relo234 (Event: yolo)
2024-12-09 10:30:42 [Thread-7] INFO  CustomerRun - Ticket purchased by robe234 (Event: holo)
2024-12-09 10:30:44 [Thread-4] INFO  CustomerRun - Ticket purchased by robe234 (Event: rolo)
2024-12-09 10:30:44 [Thread-5] INFO  CustomerRun - Ticket purchased by bele234 (Event: polo)
2024-12-09 10:30:44 [Thread-6] INFO  CustomerRun - Ticket purchased by relo234 (Event: yolo)
2024-12-09 10:30:44 [Thread-7] INFO  CustomerRun - Ticket purchased by robe234 (Event: holo)
2024-12-09 10:30:46 [Thread-4] INFO  CustomerRun - Ticket purchased by robe234 (Event: rolo)
2024-12-09 10:30:46 [Thread-5] INFO  CustomerRun - Ticket purchased by bele234 (Event: polo)
2024-12-09 10:30:46 [Thread-6] INFO  CustomerRun - Ticket purchased by relo234 (Event: yolo)
2024-12-09 10:30:46 [Thread-7] INFO  CustomerRun - Ticket purchased by robe234 (Event: holo)
2024-12-09 10:30:48 [Thread-4] INFO  CustomerRun - Ticket purchased by robe234 (Event: rolo)
2024-12-09 10:30:48 [Thread-5] INFO  CustomerRun - Ticket purchased by bele234 (Event: polo)
2024-12-09 10:30:48 [Thread-6] INFO  CustomerRun - Ticket purchased by relo234 (Event: yolo)
2024-12-09 10:30:48 [Thread-7] INFO  CustomerRun - Ticket purchased by robe234 (Event: holo)
2024-12-09 10:30:50 [Thread-4] INFO  CustomerRun - Ticket purchasing completed for consumer: robe234 (Event: rolo)
2024-12-09 10:30:50 [Thread-5] INFO  CustomerRun - Ticket purchasing completed for consumer: bele234 (Event: polo)
2024-12-09 10:30:50 [Thread-6] INFO  CustomerRun - Ticket purchasing completed for consumer: relo234 (Event: yolo)
2024-12-09 10:30:50 [Thread-7] INFO  CustomerRun - Ticket purchasing completed for consumer: robe234 (Event: holo)
2024-12-09 10:33:28 [Thread-4] INFO  CustomerRun - Ticket purchased by robe234 (Event: rolo)
2024-12-09 10:33:28 [Thread-5] INFO  CustomerRun - Ticket purchased by bele234 (Event: polo)
2024-12-09 10:33:28 [Thread-6] INFO  CustomerRun - Ticket purchased by relo234 (Event: yolo)
2024-12-09 10:33:28 [Thread-7] INFO  CustomerRun - Ticket purchased by robe234 (Event: holo)
2024-12-09 10:33:30 [Thread-4] INFO  CustomerRun - Ticket purchased by robe234 (Event: rolo)
2024-12-09 10:33:30 [Thread-6] INFO  CustomerRun - Ticket purchased by relo234 (Event: yolo)
2024-12-09 10:33:30 [Thread-5] INFO  CustomerRun - Ticket purchased by bele234 (Event: polo)
2024-12-09 10:33:30 [Thread-7] INFO  CustomerRun - Ticket purchased by robe234 (Event: holo)
2024-12-09 10:33:32 [Thread-4] INFO  CustomerRun - Ticket purchased by robe234 (Event: rolo)
2024-12-09 10:33:32 [Thread-5] INFO  CustomerRun - Ticket purchased by bele234 (Event: polo)
2024-12-09 10:33:32 [Thread-6] INFO  CustomerRun - Ticket purchased by relo234 (Event: yolo)
2024-12-09 10:33:32 [Thread-7] INFO  CustomerRun - Ticket purchased by robe234 (Event: holo)
2024-12-09 10:33:34 [Thread-4] INFO  CustomerRun - Ticket purchased by robe234 (Event: rolo)
2024-12-09 10:33:34 [Thread-5] INFO  CustomerRun - Ticket purchased by bele234 (Event: polo)
2024-12-09 10:33:34 [Thread-6] INFO  CustomerRun - Ticket purchased by relo234 (Event: yolo)
2024-12-09 10:33:34 [Thread-7] INFO  CustomerRun - Ticket purchased by robe234 (Event: holo)
2024-12-09 10:33:36 [Thread-4] INFO  CustomerRun - Ticket purchased by robe234 (Event: rolo)
2024-12-09 10:33:36 [Thread-5] INFO  CustomerRun - Ticket purchased by bele234 (Event: polo)
2024-12-09 10:33:36 [Thread-6] INFO  CustomerRun - Ticket purchased by relo234 (Event: yolo)
2024-12-09 10:33:36 [Thread-7] INFO  CustomerRun - Ticket purchased by robe234 (Event: holo)
2024-12-09 10:33:38 [Thread-4] INFO  CustomerRun - Ticket purchased by robe234 (Event: rolo)
2024-12-09 10:33:38 [Thread-5] INFO  CustomerRun - Ticket purchased by bele234 (Event: polo)
2024-12-09 10:33:38 [Thread-6] INFO  CustomerRun - Ticket purchased by relo234 (Event: yolo)
2024-12-09 10:33:38 [Thread-7] INFO  CustomerRun - Ticket purchased by robe234 (Event: holo)
2024-12-09 10:33:40 [Thread-4] INFO  CustomerRun - Ticket purchased by robe234 (Event: rolo)
2024-12-09 10:33:40 [Thread-5] INFO  CustomerRun - Ticket purchased by bele234 (Event: polo)
2024-12-09 10:33:40 [Thread-6] INFO  CustomerRun - Ticket purchased by relo234 (Event: yolo)
2024-12-09 10:33:40 [Thread-7] INFO  CustomerRun - Ticket purchased by robe234 (Event: holo)
2024-12-09 10:33:42 [Thread-4] INFO  CustomerRun - Ticket purchased by robe234 (Event: rolo)
2024-12-09 10:33:42 [Thread-5] INFO  CustomerRun - Ticket purchased by bele234 (Event: polo)
2024-12-09 10:33:42 [Thread-6] INFO  CustomerRun - Ticket purchased by relo234 (Event: yolo)
2024-12-09 10:33:42 [Thread-7] INFO  CustomerRun - Ticket purchased by robe234 (Event: holo)
2024-12-09 10:33:44 [Thread-4] INFO  CustomerRun - Ticket purchased by robe234 (Event: rolo)
2024-12-09 10:33:44 [Thread-5] INFO  CustomerRun - Ticket purchased by bele234 (Event: polo)
2024-12-09 10:33:44 [Thread-6] INFO  CustomerRun - Ticket purchased by relo234 (Event: yolo)
2024-12-09 10:33:44 [Thread-7] INFO  CustomerRun - Ticket purchased by robe234 (Event: holo)
2024-12-09 10:33:46 [Thread-4] INFO  CustomerRun - Ticket purchased by robe234 (Event: rolo)
2024-12-09 10:33:46 [Thread-5] INFO  CustomerRun - Ticket purchased by bele234 (Event: polo)
2024-12-09 10:33:46 [Thread-6] INFO  CustomerRun - Ticket purchased by relo234 (Event: yolo)
2024-12-09 10:33:46 [Thread-7] INFO  CustomerRun - Ticket purchased by robe234 (Event: holo)
2024-12-09 10:33:48 [Thread-4] INFO  CustomerRun - Ticket purchased by robe234 (Event: rolo)
2024-12-09 10:33:48 [Thread-5] INFO  CustomerRun - Ticket purchased by bele234 (Event: polo)
2024-12-09 10:33:48 [Thread-6] INFO  CustomerRun - Ticket purchased by relo234 (Event: yolo)
2024-12-09 10:33:48 [Thread-7] INFO  CustomerRun - Ticket purchased by robe234 (Event: holo)
2024-12-09 10:33:50 [Thread-4] INFO  CustomerRun - Ticket purchased by robe234 (Event: rolo)
2024-12-09 10:33:50 [Thread-5] INFO  CustomerRun - Ticket purchased by bele234 (Event: polo)
2024-12-09 10:33:50 [Thread-6] INFO  CustomerRun - Ticket purchased by relo234 (Event: yolo)
2024-12-09 10:33:50 [Thread-7] INFO  CustomerRun - Ticket purchased by robe234 (Event: holo)
2024-12-09 10:33:52 [Thread-4] INFO  CustomerRun - Ticket purchased by robe234 (Event: rolo)
2024-12-09 10:33:52 [Thread-5] INFO  CustomerRun - Ticket purchased by bele234 (Event: polo)
2024-12-09 10:33:52 [Thread-6] INFO  CustomerRun - Ticket purchased by relo234 (Event: yolo)
2024-12-09 10:33:52 [Thread-7] INFO  CustomerRun - Ticket purchased by robe234 (Event: holo)
2024-12-09 10:33:54 [Thread-4] INFO  CustomerRun - Ticket purchased by robe234 (Event: rolo)
2024-12-09 10:33:54 [Thread-5] INFO  CustomerRun - Ticket purchased by bele234 (Event: polo)
2024-12-09 10:33:54 [Thread-6] INFO  CustomerRun - Ticket purchased by relo234 (Event: yolo)
2024-12-09 10:33:54 [Thread-7] INFO  CustomerRun - Ticket purchased by robe234 (Event: holo)
2024-12-09 10:33:56 [Thread-4] INFO  CustomerRun - Ticket purchased by robe234 (Event: rolo)
2024-12-09 10:33:56 [Thread-5] INFO  CustomerRun - Ticket purchased by bele234 (Event: polo)
2024-12-09 10:33:56 [Thread-6] INFO  CustomerRun - Ticket purchased by relo234 (Event: yolo)
2024-12-09 10:33:56 [Thread-7] INFO  CustomerRun - Ticket purchased by robe234 (Event: holo)
2024-12-09 10:33:58 [Thread-4] INFO  CustomerRun - Ticket purchased by robe234 (Event: rolo)
2024-12-09 10:33:58 [Thread-5] INFO  CustomerRun - Ticket purchased by bele234 (Event: polo)
2024-12-09 10:33:58 [Thread-6] INFO  CustomerRun - Ticket purchased by relo234 (Event: yolo)
2024-12-09 10:33:59 [Thread-7] INFO  CustomerRun - Ticket purchased by robe234 (Event: holo)
2024-12-09 10:34:00 [Thread-4] INFO  CustomerRun - Ticket purchased by robe234 (Event: rolo)
2024-12-09 10:34:00 [Thread-5] INFO  CustomerRun - Ticket purchased by bele234 (Event: polo)
2024-12-09 10:34:00 [Thread-6] INFO  CustomerRun - Ticket purchased by relo234 (Event: yolo)
2024-12-09 10:34:01 [Thread-7] INFO  CustomerRun - Ticket purchased by robe234 (Event: holo)
2024-12-09 10:34:02 [Thread-4] INFO  CustomerRun - Ticket purchased by robe234 (Event: rolo)
2024-12-09 10:34:02 [Thread-5] INFO  CustomerRun - Ticket purchased by bele234 (Event: polo)
2024-12-09 10:34:02 [Thread-6] INFO  CustomerRun - Ticket purchased by relo234 (Event: yolo)
2024-12-09 10:34:03 [Thread-7] INFO  CustomerRun - Ticket purchased by robe234 (Event: holo)
2024-12-09 10:34:04 [Thread-4] INFO  CustomerRun - Ticket purchased by robe234 (Event: rolo)
2024-12-09 10:34:04 [Thread-5] INFO  CustomerRun - Ticket purchased by bele234 (Event: polo)
2024-12-09 10:34:04 [Thread-6] INFO  CustomerRun - Ticket purchased by relo234 (Event: yolo)
2024-12-09 10:34:05 [Thread-7] INFO  CustomerRun - Ticket purchased by robe234 (Event: holo)
2024-12-09 10:34:06 [Thread-4] INFO  CustomerRun - Ticket purchased by robe234 (Event: rolo)
2024-12-09 10:34:06 [Thread-5] INFO  CustomerRun - Ticket purchased by bele234 (Event: polo)
2024-12-09 10:34:06 [Thread-6] INFO  CustomerRun - Ticket purchased by relo234 (Event: yolo)
2024-12-09 10:34:07 [Thread-7] INFO  CustomerRun - Ticket purchased by robe234 (Event: holo)
2024-12-09 10:34:08 [Thread-4] INFO  CustomerRun - Ticket purchased by robe234 (Event: rolo)
2024-12-09 10:34:08 [Thread-5] INFO  CustomerRun - Ticket purchased by bele234 (Event: polo)
2024-12-09 10:34:08 [Thread-6] INFO  CustomerRun - Ticket purchased by relo234 (Event: yolo)
2024-12-09 10:34:09 [Thread-7] INFO  CustomerRun - Ticket purchased by robe234 (Event: holo)
2024-12-09 10:34:10 [Thread-4] INFO  CustomerRun - Ticket purchased by robe234 (Event: rolo)
2024-12-09 10:34:10 [Thread-5] INFO  CustomerRun - Ticket purchased by bele234 (Event: polo)
2024-12-09 10:34:11 [Thread-6] INFO  CustomerRun - Ticket purchased by relo234 (Event: yolo)
2024-12-09 10:34:11 [Thread-7] INFO  CustomerRun - Ticket purchased by robe234 (Event: holo)
2024-12-09 10:34:12 [Thread-4] INFO  CustomerRun - Ticket purchased by robe234 (Event: rolo)
2024-12-09 10:34:13 [Thread-5] INFO  CustomerRun - Ticket purchased by bele234 (Event: polo)
2024-12-09 10:34:13 [Thread-6] INFO  CustomerRun - Ticket purchased by relo234 (Event: yolo)
2024-12-09 10:34:13 [Thread-7] INFO  CustomerRun - Ticket purchased by robe234 (Event: holo)
2024-12-09 10:34:14 [Thread-4] INFO  CustomerRun - Ticket purchased by robe234 (Event: rolo)
2024-12-09 10:34:15 [Thread-5] INFO  CustomerRun - Ticket purchased by bele234 (Event: polo)
2024-12-09 10:34:15 [Thread-6] INFO  CustomerRun - Ticket purchased by relo234 (Event: yolo)
2024-12-09 10:34:15 [Thread-7] INFO  CustomerRun - Ticket purchased by robe234 (Event: holo)
2024-12-09 10:34:16 [Thread-4] INFO  CustomerRun - Ticket purchased by robe234 (Event: rolo)
2024-12-09 10:34:17 [Thread-5] INFO  CustomerRun - Ticket purchased by bele234 (Event: polo)
2024-12-09 10:34:17 [Thread-6] INFO  CustomerRun - Ticket purchased by relo234 (Event: yolo)
2024-12-09 10:34:17 [Thread-7] INFO  CustomerRun - Ticket purchased by robe234 (Event: holo)
2024-12-09 10:34:19 [Thread-4] INFO  CustomerRun - Ticket purchased by robe234 (Event: rolo)
2024-12-09 10:34:19 [Thread-5] INFO  CustomerRun - Ticket purchased by bele234 (Event: polo)
2024-12-09 10:34:19 [Thread-6] INFO  CustomerRun - Ticket purchased by relo234 (Event: yolo)
2024-12-09 10:34:19 [Thread-7] INFO  CustomerRun - Ticket purchased by robe234 (Event: holo)
2024-12-09 10:34:21 [Thread-4] INFO  CustomerRun - Ticket purchased by robe234 (Event: rolo)
2024-12-09 10:34:21 [Thread-5] INFO  CustomerRun - Ticket purchased by bele234 (Event: polo)
2024-12-09 10:34:21 [Thread-6] INFO  CustomerRun - Ticket purchased by relo234 (Event: yolo)
2024-12-09 10:34:21 [Thread-7] INFO  CustomerRun - Ticket purchased by robe234 (Event: holo)
2024-12-09 10:34:23 [Thread-4] INFO  CustomerRun - Ticket purchased by robe234 (Event: rolo)
2024-12-09 10:34:23 [Thread-5] INFO  CustomerRun - Ticket purchased by bele234 (Event: polo)
2024-12-09 10:34:23 [Thread-6] INFO  CustomerRun - Ticket purchased by relo234 (Event: yolo)
2024-12-09 10:34:23 [Thread-7] INFO  CustomerRun - Ticket purchased by robe234 (Event: holo)
2024-12-09 10:34:25 [Thread-4] INFO  CustomerRun - Ticket purchased by robe234 (Event: rolo)
2024-12-09 10:34:25 [Thread-5] INFO  CustomerRun - Ticket purchased by bele234 (Event: polo)
2024-12-09 10:34:25 [Thread-6] INFO  CustomerRun - Ticket purchased by relo234 (Event: yolo)
2024-12-09 10:34:25 [Thread-7] INFO  CustomerRun - Ticket purchased by robe234 (Event: holo)
2024-12-09 10:34:27 [Thread-4] INFO  CustomerRun - Ticket purchased by robe234 (Event: rolo)
2024-12-09 10:34:27 [Thread-5] INFO  CustomerRun - Ticket purchased by bele234 (Event: polo)
2024-12-09 10:34:27 [Thread-6] INFO  CustomerRun - Ticket purchased by relo234 (Event: yolo)
2024-12-09 10:34:27 [Thread-7] INFO  CustomerRun - Ticket purchased by robe234 (Event: holo)
2024-12-09 10:34:29 [Thread-4] INFO  CustomerRun - Ticket purchased by robe234 (Event: rolo)
2024-12-09 10:34:29 [Thread-5] INFO  CustomerRun - Ticket purchased by bele234 (Event: polo)
2024-12-09 10:34:29 [Thread-6] INFO  CustomerRun - Ticket purchased by relo234 (Event: yolo)
2024-12-09 10:34:29 [Thread-7] INFO  CustomerRun - Ticket purchased by robe234 (Event: holo)
2024-12-09 10:34:31 [Thread-4] INFO  CustomerRun - Ticket purchased by robe234 (Event: rolo)
2024-12-09 10:34:31 [Thread-5] INFO  CustomerRun - Ticket purchased by bele234 (Event: polo)
2024-12-09 10:34:31 [Thread-6] INFO  CustomerRun - Ticket purchased by relo234 (Event: yolo)
2024-12-09 10:34:31 [Thread-7] INFO  CustomerRun - Ticket purchased by robe234 (Event: holo)
2024-12-09 10:34:33 [Thread-4] INFO  CustomerRun - Ticket purchased by robe234 (Event: rolo)
2024-12-09 10:34:33 [Thread-5] INFO  CustomerRun - Ticket purchased by bele234 (Event: polo)
2024-12-09 10:34:33 [Thread-6] INFO  CustomerRun - Ticket purchased by relo234 (Event: yolo)
2024-12-09 10:34:33 [Thread-7] INFO  CustomerRun - Ticket purchased by robe234 (Event: holo)
2024-12-09 10:34:35 [Thread-4] INFO  CustomerRun - Ticket purchased by robe234 (Event: rolo)
2024-12-09 10:34:35 [Thread-5] INFO  CustomerRun - Ticket purchased by bele234 (Event: polo)
2024-12-09 10:34:35 [Thread-6] INFO  CustomerRun - Ticket purchased by relo234 (Event: yolo)
2024-12-09 10:34:35 [Thread-7] INFO  CustomerRun - Ticket purchased by robe234 (Event: holo)
2024-12-09 10:34:37 [Thread-4] INFO  CustomerRun - Ticket purchased by robe234 (Event: rolo)
2024-12-09 10:34:37 [Thread-5] INFO  CustomerRun - Ticket purchased by bele234 (Event: polo)
2024-12-09 10:34:37 [Thread-6] INFO  CustomerRun - Ticket purchased by relo234 (Event: yolo)
2024-12-09 10:34:37 [Thread-7] INFO  CustomerRun - Ticket purchased by robe234 (Event: holo)
2024-12-09 10:34:39 [Thread-4] INFO  CustomerRun - Ticket purchased by robe234 (Event: rolo)
2024-12-09 10:34:39 [Thread-5] INFO  CustomerRun - Ticket purchased by bele234 (Event: polo)
2024-12-09 10:34:39 [Thread-6] INFO  CustomerRun - Ticket purchased by relo234 (Event: yolo)
2024-12-09 10:34:39 [Thread-7] INFO  CustomerRun - Ticket purchased by robe234 (Event: holo)
2024-12-09 10:34:41 [Thread-4] INFO  CustomerRun - Ticket purchased by robe234 (Event: rolo)
2024-12-09 10:34:41 [Thread-5] INFO  CustomerRun - Ticket purchased by bele234 (Event: polo)
2024-12-09 10:34:41 [Thread-6] INFO  CustomerRun - Ticket purchased by relo234 (Event: yolo)
2024-12-09 10:34:41 [Thread-7] INFO  CustomerRun - Ticket purchased by robe234 (Event: holo)
2024-12-09 10:34:43 [Thread-4] INFO  CustomerRun - Ticket purchased by robe234 (Event: rolo)
2024-12-09 10:34:43 [Thread-5] INFO  CustomerRun - Ticket purchased by bele234 (Event: polo)
2024-12-09 10:34:43 [Thread-6] INFO  CustomerRun - Ticket purchased by relo234 (Event: yolo)
2024-12-09 10:34:43 [Thread-7] INFO  CustomerRun - Ticket purchased by robe234 (Event: holo)
2024-12-09 10:34:45 [Thread-4] INFO  CustomerRun - Ticket purchased by robe234 (Event: rolo)
2024-12-09 10:34:45 [Thread-5] INFO  CustomerRun - Ticket purchased by bele234 (Event: polo)
2024-12-09 10:34:45 [Thread-6] INFO  CustomerRun - Ticket purchased by relo234 (Event: yolo)
2024-12-09 10:34:45 [Thread-7] INFO  CustomerRun - Ticket purchased by robe234 (Event: holo)
2024-12-09 10:34:47 [Thread-4] INFO  CustomerRun - Ticket purchased by robe234 (Event: rolo)
2024-12-09 10:34:47 [Thread-5] INFO  CustomerRun - Ticket purchased by bele234 (Event: polo)
2024-12-09 10:34:47 [Thread-6] INFO  CustomerRun - Ticket purchased by relo234 (Event: yolo)
2024-12-09 10:34:47 [Thread-7] INFO  CustomerRun - Ticket purchased by robe234 (Event: holo)
2024-12-09 10:34:49 [Thread-4] INFO  CustomerRun - Ticket purchased by robe234 (Event: rolo)
2024-12-09 10:34:49 [Thread-5] INFO  CustomerRun - Ticket purchased by bele234 (Event: polo)
2024-12-09 10:34:49 [Thread-6] INFO  CustomerRun - Ticket purchased by relo234 (Event: yolo)
2024-12-09 10:34:49 [Thread-7] INFO  CustomerRun - Ticket purchased by robe234 (Event: holo)
2024-12-09 10:34:51 [Thread-4] INFO  CustomerRun - Ticket purchased by robe234 (Event: rolo)
2024-12-09 10:34:51 [Thread-5] INFO  CustomerRun - Ticket purchased by bele234 (Event: polo)
2024-12-09 10:34:51 [Thread-6] INFO  CustomerRun - Ticket purchased by relo234 (Event: yolo)
2024-12-09 10:34:51 [Thread-7] INFO  CustomerRun - Ticket purchased by robe234 (Event: holo)
2024-12-09 10:34:53 [Thread-4] INFO  CustomerRun - Ticket purchased by robe234 (Event: rolo)
2024-12-09 10:34:53 [Thread-5] INFO  CustomerRun - Ticket purchased by bele234 (Event: polo)
2024-12-09 10:34:53 [Thread-6] INFO  CustomerRun - Ticket purchased by relo234 (Event: yolo)
2024-12-09 10:34:53 [Thread-7] INFO  CustomerRun - Ticket purchased by robe234 (Event: holo)
2024-12-09 10:34:55 [Thread-4] INFO  CustomerRun - Ticket purchased by robe234 (Event: rolo)
2024-12-09 10:34:55 [Thread-5] INFO  CustomerRun - Ticket purchased by bele234 (Event: polo)
2024-12-09 10:34:55 [Thread-6] INFO  CustomerRun - Ticket purchased by relo234 (Event: yolo)
2024-12-09 10:34:55 [Thread-7] INFO  CustomerRun - Ticket purchased by robe234 (Event: holo)
2024-12-09 10:34:57 [Thread-4] INFO  CustomerRun - Ticket purchased by robe234 (Event: rolo)
2024-12-09 10:34:57 [Thread-5] INFO  CustomerRun - Ticket purchased by bele234 (Event: polo)
2024-12-09 10:34:57 [Thread-6] INFO  CustomerRun - Ticket purchased by relo234 (Event: yolo)
2024-12-09 10:34:57 [Thread-7] INFO  CustomerRun - Ticket purchased by robe234 (Event: holo)
2024-12-09 10:34:59 [Thread-4] INFO  CustomerRun - Ticket purchased by robe234 (Event: rolo)
2024-12-09 10:34:59 [Thread-5] INFO  CustomerRun - Ticket purchased by bele234 (Event: polo)
2024-12-09 10:34:59 [Thread-6] INFO  CustomerRun - Ticket purchased by relo234 (Event: yolo)
2024-12-09 10:34:59 [Thread-7] INFO  CustomerRun - Ticket purchased by robe234 (Event: holo)
2024-12-09 10:35:01 [Thread-4] INFO  CustomerRun - Ticket purchased by robe234 (Event: rolo)
2024-12-09 10:35:01 [Thread-5] INFO  CustomerRun - Ticket purchased by bele234 (Event: polo)
2024-12-09 10:35:01 [Thread-6] INFO  CustomerRun - Ticket purchased by relo234 (Event: yolo)
2024-12-09 10:35:01 [Thread-7] INFO  CustomerRun - Ticket purchased by robe234 (Event: holo)
2024-12-09 10:35:03 [Thread-4] INFO  CustomerRun - Ticket purchased by robe234 (Event: rolo)
2024-12-09 10:35:03 [Thread-5] INFO  CustomerRun - Ticket purchased by bele234 (Event: polo)
2024-12-09 10:35:03 [Thread-6] INFO  CustomerRun - Ticket purchased by relo234 (Event: yolo)
2024-12-09 10:35:03 [Thread-7] INFO  CustomerRun - Ticket purchased by robe234 (Event: holo)
2024-12-09 10:35:05 [Thread-4] INFO  CustomerRun - Ticket purchased by robe234 (Event: rolo)
2024-12-09 10:35:05 [Thread-5] INFO  CustomerRun - Ticket purchased by bele234 (Event: polo)
2024-12-09 10:35:05 [Thread-6] INFO  CustomerRun - Ticket purchased by relo234 (Event: yolo)
2024-12-09 10:35:05 [Thread-7] INFO  CustomerRun - Ticket purchased by robe234 (Event: holo)
2024-12-09 10:35:07 [Thread-4] INFO  CustomerRun - Ticket purchased by robe234 (Event: rolo)
2024-12-09 10:35:07 [Thread-5] INFO  CustomerRun - Ticket purchased by bele234 (Event: polo)
2024-12-09 10:35:07 [Thread-6] INFO  CustomerRun - Ticket purchased by relo234 (Event: yolo)
2024-12-09 10:35:07 [Thread-7] INFO  CustomerRun - Ticket purchased by robe234 (Event: holo)
2024-12-09 10:35:09 [Thread-4] INFO  CustomerRun - Ticket purchasing completed for consumer: robe234 (Event: rolo)
2024-12-09 10:35:09 [Thread-5] INFO  CustomerRun - Ticket purchasing completed for consumer: bele234 (Event: polo)
2024-12-09 10:35:09 [Thread-6] INFO  CustomerRun - Ticket purchasing completed for consumer: relo234 (Event: yolo)
2024-12-09 10:35:09 [Thread-7] INFO  CustomerRun - Ticket purchasing completed for consumer: robe234 (Event: holo)
2024-12-09 10:37:05 [Thread-4] INFO  CustomerRun - Ticket purchased by robe234 (Event: rolo)
2024-12-09 10:37:05 [Thread-5] INFO  CustomerRun - Ticket purchased by bele234 (Event: polo)
2024-12-09 10:37:05 [Thread-6] INFO  CustomerRun - Ticket purchased by relo234 (Event: yolo)
2024-12-09 10:37:05 [Thread-7] INFO  CustomerRun - Ticket purchased by robe234 (Event: holo)
2024-12-09 10:37:07 [Thread-5] INFO  CustomerRun - Ticket purchased by bele234 (Event: polo)
2024-12-09 10:37:07 [Thread-6] INFO  CustomerRun - Ticket purchased by relo234 (Event: yolo)
2024-12-09 10:37:07 [Thread-4] INFO  CustomerRun - Ticket purchased by robe234 (Event: rolo)
2024-12-09 10:37:07 [Thread-7] INFO  CustomerRun - Ticket purchased by robe234 (Event: holo)
2024-12-09 10:37:09 [Thread-5] INFO  CustomerRun - Ticket purchased by bele234 (Event: polo)
2024-12-09 10:37:09 [Thread-4] INFO  CustomerRun - Ticket purchased by robe234 (Event: rolo)
2024-12-09 10:37:09 [Thread-6] INFO  CustomerRun - Ticket purchased by relo234 (Event: yolo)
2024-12-09 10:37:09 [Thread-7] INFO  CustomerRun - Ticket purchased by robe234 (Event: holo)
2024-12-09 10:37:11 [Thread-5] INFO  CustomerRun - Ticket purchased by bele234 (Event: polo)
2024-12-09 10:37:11 [Thread-4] INFO  CustomerRun - Ticket purchased by robe234 (Event: rolo)
2024-12-09 10:37:11 [Thread-6] INFO  CustomerRun - Ticket purchased by relo234 (Event: yolo)
2024-12-09 10:37:11 [Thread-7] INFO  CustomerRun - Ticket purchased by robe234 (Event: holo)
2024-12-09 10:37:13 [Thread-5] INFO  CustomerRun - Ticket purchased by bele234 (Event: polo)
2024-12-09 10:37:13 [Thread-4] INFO  CustomerRun - Ticket purchased by robe234 (Event: rolo)
2024-12-09 10:37:13 [Thread-6] INFO  CustomerRun - Ticket purchased by relo234 (Event: yolo)
2024-12-09 10:37:13 [Thread-7] INFO  CustomerRun - Ticket purchased by robe234 (Event: holo)
2024-12-09 10:37:15 [Thread-5] INFO  CustomerRun - Ticket purchased by bele234 (Event: polo)
2024-12-09 10:37:15 [Thread-4] INFO  CustomerRun - Ticket purchased by robe234 (Event: rolo)
2024-12-09 10:37:15 [Thread-6] INFO  CustomerRun - Ticket purchased by relo234 (Event: yolo)
2024-12-09 10:37:15 [Thread-7] INFO  CustomerRun - Ticket purchased by robe234 (Event: holo)
2024-12-09 10:37:17 [Thread-5] INFO  CustomerRun - Ticket purchased by bele234 (Event: polo)
2024-12-09 10:37:17 [Thread-4] INFO  CustomerRun - Ticket purchased by robe234 (Event: rolo)
2024-12-09 10:37:17 [Thread-6] INFO  CustomerRun - Ticket purchased by relo234 (Event: yolo)
2024-12-09 10:37:17 [Thread-7] INFO  CustomerRun - Ticket purchased by robe234 (Event: holo)
2024-12-09 10:37:19 [Thread-5] INFO  CustomerRun - Ticket purchased by bele234 (Event: polo)
2024-12-09 10:37:19 [Thread-4] INFO  CustomerRun - Ticket purchased by robe234 (Event: rolo)
2024-12-09 10:37:19 [Thread-6] INFO  CustomerRun - Ticket purchased by relo234 (Event: yolo)
2024-12-09 10:37:19 [Thread-7] INFO  CustomerRun - Ticket purchased by robe234 (Event: holo)
2024-12-09 10:37:21 [Thread-5] INFO  CustomerRun - Ticket purchased by bele234 (Event: polo)
2024-12-09 10:37:21 [Thread-4] INFO  CustomerRun - Ticket purchased by robe234 (Event: rolo)
2024-12-09 10:37:21 [Thread-6] INFO  CustomerRun - Ticket purchased by relo234 (Event: yolo)
2024-12-09 10:37:21 [Thread-7] INFO  CustomerRun - Ticket purchased by robe234 (Event: holo)
2024-12-09 10:37:23 [Thread-4] INFO  CustomerRun - Ticket purchased by robe234 (Event: rolo)
2024-12-09 10:37:23 [Thread-5] INFO  CustomerRun - Ticket purchased by bele234 (Event: polo)
2024-12-09 10:37:23 [Thread-6] INFO  CustomerRun - Ticket purchased by relo234 (Event: yolo)
2024-12-09 10:37:23 [Thread-7] INFO  CustomerRun - Ticket purchased by robe234 (Event: holo)
2024-12-09 10:37:25 [Thread-4] INFO  CustomerRun - Ticket purchased by robe234 (Event: rolo)
2024-12-09 10:37:25 [Thread-5] INFO  CustomerRun - Ticket purchased by bele234 (Event: polo)
2024-12-09 10:37:25 [Thread-6] INFO  CustomerRun - Ticket purchased by relo234 (Event: yolo)
2024-12-09 10:37:25 [Thread-7] INFO  CustomerRun - Ticket purchased by robe234 (Event: holo)
2024-12-09 10:37:27 [Thread-4] INFO  CustomerRun - Ticket purchased by robe234 (Event: rolo)
2024-12-09 10:37:27 [Thread-5] INFO  CustomerRun - Ticket purchased by bele234 (Event: polo)
2024-12-09 10:37:27 [Thread-6] INFO  CustomerRun - Ticket purchased by relo234 (Event: yolo)
2024-12-09 10:37:27 [Thread-7] INFO  CustomerRun - Ticket purchased by robe234 (Event: holo)
2024-12-09 10:37:29 [Thread-4] INFO  CustomerRun - Ticket purchased by robe234 (Event: rolo)
2024-12-09 10:37:29 [Thread-6] INFO  CustomerRun - Ticket purchased by relo234 (Event: yolo)
2024-12-09 10:37:29 [Thread-5] INFO  CustomerRun - Ticket purchased by bele234 (Event: polo)
2024-12-09 10:37:29 [Thread-7] INFO  CustomerRun - Ticket purchased by robe234 (Event: holo)
2024-12-09 10:37:31 [Thread-4] INFO  CustomerRun - Ticket purchased by robe234 (Event: rolo)
2024-12-09 10:37:31 [Thread-6] INFO  CustomerRun - Ticket purchased by relo234 (Event: yolo)
2024-12-09 10:37:31 [Thread-5] INFO  CustomerRun - Ticket purchased by bele234 (Event: polo)
2024-12-09 10:37:31 [Thread-7] INFO  CustomerRun - Ticket purchased by robe234 (Event: holo)
2024-12-09 10:37:33 [Thread-4] INFO  CustomerRun - Ticket purchased by robe234 (Event: rolo)
2024-12-09 10:37:33 [Thread-6] INFO  CustomerRun - Ticket purchased by relo234 (Event: yolo)
2024-12-09 10:37:33 [Thread-5] INFO  CustomerRun - Ticket purchased by bele234 (Event: polo)
2024-12-09 10:37:33 [Thread-7] INFO  CustomerRun - Ticket purchased by robe234 (Event: holo)
2024-12-09 10:37:35 [Thread-4] INFO  CustomerRun - Ticket purchased by robe234 (Event: rolo)
2024-12-09 10:37:35 [Thread-6] INFO  CustomerRun - Ticket purchased by relo234 (Event: yolo)
2024-12-09 10:37:35 [Thread-5] INFO  CustomerRun - Ticket purchased by bele234 (Event: polo)
2024-12-09 10:37:35 [Thread-7] INFO  CustomerRun - Ticket purchased by robe234 (Event: holo)
2024-12-09 10:37:37 [Thread-6] INFO  CustomerRun - Ticket purchased by relo234 (Event: yolo)
2024-12-09 10:37:37 [Thread-4] INFO  CustomerRun - Ticket purchased by robe234 (Event: rolo)
2024-12-09 10:37:37 [Thread-5] INFO  CustomerRun - Ticket purchased by bele234 (Event: polo)
2024-12-09 10:37:37 [Thread-7] INFO  CustomerRun - Ticket purchased by robe234 (Event: holo)
2024-12-09 10:37:39 [Thread-4] INFO  CustomerRun - Ticket purchased by robe234 (Event: rolo)
2024-12-09 10:37:39 [Thread-6] INFO  CustomerRun - Ticket purchased by relo234 (Event: yolo)
2024-12-09 10:37:39 [Thread-5] INFO  CustomerRun - Ticket purchased by bele234 (Event: polo)
2024-12-09 10:37:39 [Thread-7] INFO  CustomerRun - Ticket purchased by robe234 (Event: holo)
2024-12-09 10:37:41 [Thread-6] INFO  CustomerRun - Ticket purchased by relo234 (Event: yolo)
2024-12-09 10:37:41 [Thread-4] INFO  CustomerRun - Ticket purchased by robe234 (Event: rolo)
2024-12-09 10:37:41 [Thread-5] INFO  CustomerRun - Ticket purchased by bele234 (Event: polo)
2024-12-09 10:37:41 [Thread-7] INFO  CustomerRun - Ticket purchased by robe234 (Event: holo)
2024-12-09 10:37:43 [Thread-6] INFO  CustomerRun - Ticket purchased by relo234 (Event: yolo)
2024-12-09 10:37:43 [Thread-4] INFO  CustomerRun - Ticket purchased by robe234 (Event: rolo)
2024-12-09 10:37:43 [Thread-5] INFO  CustomerRun - Ticket purchased by bele234 (Event: polo)
2024-12-09 10:37:43 [Thread-7] INFO  CustomerRun - Ticket purchased by robe234 (Event: holo)
2024-12-09 10:37:45 [Thread-6] INFO  CustomerRun - Ticket purchased by relo234 (Event: yolo)
2024-12-09 10:37:45 [Thread-5] INFO  CustomerRun - Ticket purchased by bele234 (Event: polo)
2024-12-09 10:37:45 [Thread-4] INFO  CustomerRun - Ticket purchased by robe234 (Event: rolo)
2024-12-09 10:37:45 [Thread-7] INFO  CustomerRun - Ticket purchased by robe234 (Event: holo)
2024-12-09 10:37:47 [Thread-6] INFO  CustomerRun - Ticket purchased by relo234 (Event: yolo)
2024-12-09 10:37:47 [Thread-5] INFO  CustomerRun - Ticket purchased by bele234 (Event: polo)
2024-12-09 10:37:47 [Thread-4] INFO  CustomerRun - Ticket purchased by robe234 (Event: rolo)
2024-12-09 10:37:47 [Thread-7] INFO  CustomerRun - Ticket purchased by robe234 (Event: holo)
2024-12-09 10:37:49 [Thread-6] INFO  CustomerRun - Ticket purchased by relo234 (Event: yolo)
2024-12-09 10:37:49 [Thread-5] INFO  CustomerRun - Ticket purchased by bele234 (Event: polo)
2024-12-09 10:37:49 [Thread-4] INFO  CustomerRun - Ticket purchased by robe234 (Event: rolo)
2024-12-09 10:37:49 [Thread-7] INFO  CustomerRun - Ticket purchased by robe234 (Event: holo)
2024-12-09 10:37:51 [Thread-6] INFO  CustomerRun - Ticket purchased by relo234 (Event: yolo)
2024-12-09 10:37:51 [Thread-5] INFO  CustomerRun - Ticket purchased by bele234 (Event: polo)
2024-12-09 10:37:51 [Thread-4] INFO  CustomerRun - Ticket purchased by robe234 (Event: rolo)
2024-12-09 10:37:51 [Thread-7] INFO  CustomerRun - Ticket purchased by robe234 (Event: holo)
2024-12-09 10:37:53 [Thread-6] INFO  CustomerRun - Ticket purchased by relo234 (Event: yolo)
2024-12-09 10:37:53 [Thread-5] INFO  CustomerRun - Ticket purchased by bele234 (Event: polo)
2024-12-09 10:37:53 [Thread-4] INFO  CustomerRun - Ticket purchased by robe234 (Event: rolo)
2024-12-09 10:37:53 [Thread-7] INFO  CustomerRun - Ticket purchased by robe234 (Event: holo)
2024-12-09 10:37:55 [Thread-6] INFO  CustomerRun - Ticket purchased by relo234 (Event: yolo)
2024-12-09 10:37:55 [Thread-5] INFO  CustomerRun - Ticket purchased by bele234 (Event: polo)
2024-12-09 10:37:55 [Thread-4] INFO  CustomerRun - Ticket purchased by robe234 (Event: rolo)
2024-12-09 10:37:55 [Thread-7] INFO  CustomerRun - Ticket purchased by robe234 (Event: holo)
2024-12-09 10:37:57 [Thread-6] INFO  CustomerRun - Ticket purchased by relo234 (Event: yolo)
2024-12-09 10:37:57 [Thread-5] INFO  CustomerRun - Ticket purchased by bele234 (Event: polo)
2024-12-09 10:37:57 [Thread-4] INFO  CustomerRun - Ticket purchased by robe234 (Event: rolo)
2024-12-09 10:37:57 [Thread-7] INFO  CustomerRun - Ticket purchased by robe234 (Event: holo)
2024-12-09 10:37:59 [Thread-6] INFO  CustomerRun - Ticket purchased by relo234 (Event: yolo)
2024-12-09 10:37:59 [Thread-5] INFO  CustomerRun - Ticket purchased by bele234 (Event: polo)
2024-12-09 10:37:59 [Thread-4] INFO  CustomerRun - Ticket purchased by robe234 (Event: rolo)
2024-12-09 10:37:59 [Thread-7] INFO  CustomerRun - Ticket purchased by robe234 (Event: holo)
2024-12-09 10:38:01 [Thread-6] INFO  CustomerRun - Ticket purchased by relo234 (Event: yolo)
2024-12-09 10:38:01 [Thread-5] INFO  CustomerRun - Ticket purchased by bele234 (Event: polo)
2024-12-09 10:38:01 [Thread-4] INFO  CustomerRun - Ticket purchased by robe234 (Event: rolo)
2024-12-09 10:38:01 [Thread-7] INFO  CustomerRun - Ticket purchased by robe234 (Event: holo)
2024-12-09 10:38:03 [Thread-6] INFO  CustomerRun - Ticket purchased by relo234 (Event: yolo)
2024-12-09 10:38:03 [Thread-5] INFO  CustomerRun - Ticket purchased by bele234 (Event: polo)
2024-12-09 10:38:03 [Thread-4] INFO  CustomerRun - Ticket purchased by robe234 (Event: rolo)
2024-12-09 10:38:03 [Thread-7] INFO  CustomerRun - Ticket purchased by robe234 (Event: holo)
2024-12-09 10:38:05 [Thread-6] INFO  CustomerRun - Ticket purchased by relo234 (Event: yolo)
2024-12-09 10:38:05 [Thread-5] INFO  CustomerRun - Ticket purchased by bele234 (Event: polo)
2024-12-09 10:38:05 [Thread-4] INFO  CustomerRun - Ticket purchased by robe234 (Event: rolo)
2024-12-09 10:38:05 [Thread-7] INFO  CustomerRun - Ticket purchased by robe234 (Event: holo)
2024-12-09 10:38:07 [Thread-6] INFO  CustomerRun - Ticket purchased by relo234 (Event: yolo)
2024-12-09 10:38:07 [Thread-5] INFO  CustomerRun - Ticket purchased by bele234 (Event: polo)
2024-12-09 10:38:07 [Thread-4] INFO  CustomerRun - Ticket purchased by robe234 (Event: rolo)
2024-12-09 10:38:07 [Thread-7] INFO  CustomerRun - Ticket purchased by robe234 (Event: holo)
2024-12-09 10:38:09 [Thread-6] INFO  CustomerRun - Ticket purchased by relo234 (Event: yolo)
2024-12-09 10:38:09 [Thread-5] INFO  CustomerRun - Ticket purchased by bele234 (Event: polo)
2024-12-09 10:38:09 [Thread-4] INFO  CustomerRun - Ticket purchased by robe234 (Event: rolo)
2024-12-09 10:38:09 [Thread-7] INFO  CustomerRun - Ticket purchased by robe234 (Event: holo)
2024-12-09 10:38:11 [Thread-6] INFO  CustomerRun - Ticket purchased by relo234 (Event: yolo)
2024-12-09 10:38:11 [Thread-5] INFO  CustomerRun - Ticket purchased by bele234 (Event: polo)
2024-12-09 10:38:11 [Thread-4] INFO  CustomerRun - Ticket purchased by robe234 (Event: rolo)
2024-12-09 10:38:11 [Thread-7] INFO  CustomerRun - Ticket purchased by robe234 (Event: holo)
2024-12-09 10:38:13 [Thread-6] INFO  CustomerRun - Ticket purchased by relo234 (Event: yolo)
2024-12-09 10:38:13 [Thread-5] INFO  CustomerRun - Ticket purchased by bele234 (Event: polo)
2024-12-09 10:38:13 [Thread-4] INFO  CustomerRun - Ticket purchased by robe234 (Event: rolo)
2024-12-09 10:38:13 [Thread-7] INFO  CustomerRun - Ticket purchased by robe234 (Event: holo)
2024-12-09 10:38:15 [Thread-6] INFO  CustomerRun - Ticket purchased by relo234 (Event: yolo)
2024-12-09 10:38:15 [Thread-5] INFO  CustomerRun - Ticket purchased by bele234 (Event: polo)
2024-12-09 10:38:15 [Thread-4] INFO  CustomerRun - Ticket purchased by robe234 (Event: rolo)
2024-12-09 10:38:15 [Thread-7] INFO  CustomerRun - Ticket purchased by robe234 (Event: holo)
2024-12-09 10:38:17 [Thread-6] INFO  CustomerRun - Ticket purchased by relo234 (Event: yolo)
2024-12-09 10:38:17 [Thread-5] INFO  CustomerRun - Ticket purchased by bele234 (Event: polo)
2024-12-09 10:38:17 [Thread-4] INFO  CustomerRun - Ticket purchased by robe234 (Event: rolo)
2024-12-09 10:38:17 [Thread-7] INFO  CustomerRun - Ticket purchased by robe234 (Event: holo)
2024-12-09 10:38:19 [Thread-6] INFO  CustomerRun - Ticket purchased by relo234 (Event: yolo)
2024-12-09 10:38:19 [Thread-5] INFO  CustomerRun - Ticket purchased by bele234 (Event: polo)
2024-12-09 10:38:19 [Thread-4] INFO  CustomerRun - Ticket purchased by robe234 (Event: rolo)
2024-12-09 10:38:19 [Thread-7] INFO  CustomerRun - Ticket purchased by robe234 (Event: holo)
2024-12-09 10:38:21 [Thread-6] INFO  CustomerRun - Ticket purchased by relo234 (Event: yolo)
2024-12-09 10:38:21 [Thread-5] INFO  CustomerRun - Ticket purchased by bele234 (Event: polo)
2024-12-09 10:38:21 [Thread-4] INFO  CustomerRun - Ticket purchased by robe234 (Event: rolo)
2024-12-09 10:38:21 [Thread-7] INFO  CustomerRun - Ticket purchased by robe234 (Event: holo)
2024-12-09 10:38:23 [Thread-6] INFO  CustomerRun - Ticket purchased by relo234 (Event: yolo)
2024-12-09 10:38:23 [Thread-5] INFO  CustomerRun - Ticket purchased by bele234 (Event: polo)
2024-12-09 10:38:23 [Thread-4] INFO  CustomerRun - Ticket purchased by robe234 (Event: rolo)
2024-12-09 10:38:23 [Thread-7] INFO  CustomerRun - Ticket purchased by robe234 (Event: holo)
2024-12-09 10:38:25 [Thread-6] INFO  CustomerRun - Ticket purchased by relo234 (Event: yolo)
2024-12-09 10:38:25 [Thread-5] INFO  CustomerRun - Ticket purchased by bele234 (Event: polo)
2024-12-09 10:38:25 [Thread-4] INFO  CustomerRun - Ticket purchased by robe234 (Event: rolo)
2024-12-09 10:38:25 [Thread-7] INFO  CustomerRun - Ticket purchased by robe234 (Event: holo)
2024-12-09 10:38:27 [Thread-6] INFO  CustomerRun - Ticket purchased by relo234 (Event: yolo)
2024-12-09 10:38:27 [Thread-5] INFO  CustomerRun - Ticket purchased by bele234 (Event: polo)
2024-12-09 10:38:27 [Thread-4] INFO  CustomerRun - Ticket purchased by robe234 (Event: rolo)
2024-12-09 10:38:27 [Thread-7] INFO  CustomerRun - Ticket purchased by robe234 (Event: holo)
2024-12-09 10:38:29 [Thread-6] INFO  CustomerRun - Ticket purchased by relo234 (Event: yolo)
2024-12-09 10:38:29 [Thread-5] INFO  CustomerRun - Ticket purchased by bele234 (Event: polo)
2024-12-09 10:38:29 [Thread-4] INFO  CustomerRun - Ticket purchased by robe234 (Event: rolo)
2024-12-09 10:38:29 [Thread-7] INFO  CustomerRun - Ticket purchased by robe234 (Event: holo)
2024-12-09 10:38:31 [Thread-6] INFO  CustomerRun - Ticket purchased by relo234 (Event: yolo)
2024-12-09 10:38:31 [Thread-5] INFO  CustomerRun - Ticket purchased by bele234 (Event: polo)
2024-12-09 10:38:31 [Thread-4] INFO  CustomerRun - Ticket purchased by robe234 (Event: rolo)
2024-12-09 10:38:31 [Thread-7] INFO  CustomerRun - Ticket purchased by robe234 (Event: holo)
2024-12-09 10:38:33 [Thread-6] INFO  CustomerRun - Ticket purchased by relo234 (Event: yolo)
2024-12-09 10:38:33 [Thread-5] INFO  CustomerRun - Ticket purchased by bele234 (Event: polo)
2024-12-09 10:38:33 [Thread-4] INFO  CustomerRun - Ticket purchased by robe234 (Event: rolo)
2024-12-09 10:38:33 [Thread-7] INFO  CustomerRun - Ticket purchased by robe234 (Event: holo)
2024-12-09 10:38:35 [Thread-6] INFO  CustomerRun - Ticket purchased by relo234 (Event: yolo)
2024-12-09 10:38:35 [Thread-5] INFO  CustomerRun - Ticket purchased by bele234 (Event: polo)
2024-12-09 10:38:35 [Thread-4] INFO  CustomerRun - Ticket purchased by robe234 (Event: rolo)
2024-12-09 10:38:35 [Thread-7] INFO  CustomerRun - Ticket purchased by robe234 (Event: holo)
2024-12-09 10:38:37 [Thread-6] INFO  CustomerRun - Ticket purchased by relo234 (Event: yolo)
2024-12-09 10:38:37 [Thread-5] INFO  CustomerRun - Ticket purchased by bele234 (Event: polo)
2024-12-09 10:38:37 [Thread-4] INFO  CustomerRun - Ticket purchased by robe234 (Event: rolo)
2024-12-09 10:38:37 [Thread-7] INFO  CustomerRun - Ticket purchased by robe234 (Event: holo)
2024-12-09 10:38:39 [Thread-6] INFO  CustomerRun - Ticket purchased by relo234 (Event: yolo)
2024-12-09 10:38:39 [Thread-5] INFO  CustomerRun - Ticket purchased by bele234 (Event: polo)
2024-12-09 10:38:39 [Thread-4] INFO  CustomerRun - Ticket purchased by robe234 (Event: rolo)
2024-12-09 10:38:39 [Thread-7] INFO  CustomerRun - Ticket purchased by robe234 (Event: holo)
2024-12-09 10:38:41 [Thread-6] INFO  CustomerRun - Ticket purchased by relo234 (Event: yolo)
2024-12-09 10:38:41 [Thread-5] INFO  CustomerRun - Ticket purchased by bele234 (Event: polo)
2024-12-09 10:38:41 [Thread-4] INFO  CustomerRun - Ticket purchased by robe234 (Event: rolo)
2024-12-09 10:38:41 [Thread-7] INFO  CustomerRun - Ticket purchased by robe234 (Event: holo)
2024-12-09 10:38:43 [Thread-6] INFO  CustomerRun - Ticket purchased by relo234 (Event: yolo)
2024-12-09 10:38:43 [Thread-5] INFO  CustomerRun - Ticket purchased by bele234 (Event: polo)
2024-12-09 10:38:43 [Thread-4] INFO  CustomerRun - Ticket purchased by robe234 (Event: rolo)
2024-12-09 10:38:43 [Thread-7] INFO  CustomerRun - Ticket purchased by robe234 (Event: holo)
2024-12-09 10:38:45 [Thread-6] INFO  CustomerRun - Ticket purchasing completed for consumer: relo234 (Event: yolo)
2024-12-09 10:38:45 [Thread-5] INFO  CustomerRun - Ticket purchasing completed for consumer: bele234 (Event: polo)
2024-12-09 10:38:45 [Thread-4] INFO  CustomerRun - Ticket purchasing completed for consumer: robe234 (Event: rolo)
2024-12-09 10:38:45 [Thread-7] INFO  CustomerRun - Ticket purchasing completed for consumer: robe234 (Event: holo)
2024-12-10 12:11:50 [Thread-4] INFO  CustomerRun - Ticket purchased by robe234 (Event: rolo)
2024-12-10 12:11:50 [Thread-6] INFO  CustomerRun - Ticket purchased by relo234 (Event: yolo)
2024-12-10 12:11:50 [Thread-5] INFO  CustomerRun - Ticket purchased by bele234 (Event: polo)
2024-12-10 12:11:50 [Thread-7] INFO  CustomerRun - Ticket purchased by robe234 (Event: holo)
2024-12-10 12:11:53 [Thread-6] INFO  CustomerRun - Ticket purchased by relo234 (Event: yolo)
2024-12-10 12:11:53 [Thread-4] INFO  CustomerRun - Ticket purchased by robe234 (Event: rolo)
2024-12-10 12:11:53 [Thread-5] INFO  CustomerRun - Ticket purchased by bele234 (Event: polo)
2024-12-10 12:11:53 [Thread-7] INFO  CustomerRun - Ticket purchased by robe234 (Event: holo)
2024-12-10 12:11:56 [Thread-6] INFO  CustomerRun - Ticket purchased by relo234 (Event: yolo)
2024-12-10 12:11:56 [Thread-4] INFO  CustomerRun - Ticket purchased by robe234 (Event: rolo)
2024-12-10 12:11:56 [Thread-5] INFO  CustomerRun - Ticket purchased by bele234 (Event: polo)
2024-12-10 12:11:56 [Thread-7] INFO  CustomerRun - Ticket purchased by robe234 (Event: holo)
2024-12-10 12:11:59 [Thread-6] INFO  CustomerRun - Ticket purchased by relo234 (Event: yolo)
2024-12-10 12:11:59 [Thread-4] INFO  CustomerRun - Ticket purchased by robe234 (Event: rolo)
2024-12-10 12:11:59 [Thread-5] INFO  CustomerRun - Ticket purchased by bele234 (Event: polo)
2024-12-10 12:11:59 [Thread-7] INFO  CustomerRun - Ticket purchased by robe234 (Event: holo)
2024-12-10 12:12:02 [Thread-6] INFO  CustomerRun - Ticket purchased by relo234 (Event: yolo)
2024-12-10 12:12:02 [Thread-4] INFO  CustomerRun - Ticket purchased by robe234 (Event: rolo)
2024-12-10 12:12:02 [Thread-5] INFO  CustomerRun - Ticket purchased by bele234 (Event: polo)
2024-12-10 12:12:02 [Thread-7] INFO  CustomerRun - Ticket purchased by robe234 (Event: holo)
2024-12-10 12:12:05 [Thread-6] INFO  CustomerRun - Ticket purchased by relo234 (Event: yolo)
2024-12-10 12:12:05 [Thread-4] INFO  CustomerRun - Ticket purchased by robe234 (Event: rolo)
2024-12-10 12:12:05 [Thread-5] INFO  CustomerRun - Ticket purchased by bele234 (Event: polo)
2024-12-10 12:12:05 [Thread-7] INFO  CustomerRun - Ticket purchased by robe234 (Event: holo)
2024-12-10 12:12:08 [Thread-6] INFO  CustomerRun - Ticket purchased by relo234 (Event: yolo)
2024-12-10 12:12:08 [Thread-4] INFO  CustomerRun - Ticket purchased by robe234 (Event: rolo)
2024-12-10 12:12:08 [Thread-5] INFO  CustomerRun - Ticket purchased by bele234 (Event: polo)
2024-12-10 12:12:08 [Thread-7] INFO  CustomerRun - Ticket purchased by robe234 (Event: holo)
2024-12-10 12:12:11 [Thread-6] INFO  CustomerRun - Ticket purchased by relo234 (Event: yolo)
2024-12-10 12:12:11 [Thread-5] INFO  CustomerRun - Ticket purchased by bele234 (Event: polo)
2024-12-10 12:12:11 [Thread-4] INFO  CustomerRun - Ticket purchased by robe234 (Event: rolo)
2024-12-10 12:12:11 [Thread-7] INFO  CustomerRun - Ticket purchased by robe234 (Event: holo)
2024-12-10 12:12:14 [Thread-6] INFO  CustomerRun - Ticket purchased by relo234 (Event: yolo)
2024-12-10 12:12:14 [Thread-5] INFO  CustomerRun - Ticket purchased by bele234 (Event: polo)
2024-12-10 12:12:14 [Thread-4] INFO  CustomerRun - Ticket purchased by robe234 (Event: rolo)
2024-12-10 12:12:14 [Thread-7] INFO  CustomerRun - Ticket purchased by robe234 (Event: holo)
2024-12-10 12:12:17 [Thread-5] INFO  CustomerRun - Ticket purchased by bele234 (Event: polo)
2024-12-10 12:12:17 [Thread-6] INFO  CustomerRun - Ticket purchased by relo234 (Event: yolo)
2024-12-10 12:12:17 [Thread-4] INFO  CustomerRun - Ticket purchased by robe234 (Event: rolo)
2024-12-10 12:12:17 [Thread-7] INFO  CustomerRun - Ticket purchased by robe234 (Event: holo)
2024-12-10 12:12:20 [Thread-5] INFO  CustomerRun - Ticket purchased by bele234 (Event: polo)
2024-12-10 12:12:20 [Thread-6] INFO  CustomerRun - Ticket purchased by relo234 (Event: yolo)
2024-12-10 12:12:20 [Thread-4] INFO  CustomerRun - Ticket purchased by robe234 (Event: rolo)
2024-12-10 12:12:20 [Thread-7] INFO  CustomerRun - Ticket purchased by robe234 (Event: holo)
2024-12-10 12:12:23 [Thread-5] INFO  CustomerRun - Ticket purchased by bele234 (Event: polo)
2024-12-10 12:12:23 [Thread-6] INFO  CustomerRun - Ticket purchased by relo234 (Event: yolo)
2024-12-10 12:12:23 [Thread-4] INFO  CustomerRun - Ticket purchased by robe234 (Event: rolo)
2024-12-10 12:12:23 [Thread-7] INFO  CustomerRun - Ticket purchased by robe234 (Event: holo)
2024-12-10 12:12:26 [Thread-6] INFO  CustomerRun - Ticket purchased by relo234 (Event: yolo)
2024-12-10 12:12:26 [Thread-5] INFO  CustomerRun - Ticket purchased by bele234 (Event: polo)
2024-12-10 12:12:26 [Thread-4] INFO  CustomerRun - Ticket purchased by robe234 (Event: rolo)
2024-12-10 12:12:26 [Thread-7] INFO  CustomerRun - Ticket purchased by robe234 (Event: holo)
2024-12-10 12:12:29 [Thread-6] INFO  CustomerRun - Ticket purchased by relo234 (Event: yolo)
2024-12-10 12:12:29 [Thread-5] INFO  CustomerRun - Ticket purchased by bele234 (Event: polo)
2024-12-10 12:12:29 [Thread-4] INFO  CustomerRun - Ticket purchased by robe234 (Event: rolo)
2024-12-10 12:12:29 [Thread-7] INFO  CustomerRun - Ticket purchased by robe234 (Event: holo)
2024-12-10 12:12:32 [Thread-5] INFO  CustomerRun - Ticket purchased by bele234 (Event: polo)
2024-12-10 12:12:32 [Thread-6] INFO  CustomerRun - Ticket purchased by relo234 (Event: yolo)
2024-12-10 12:12:32 [Thread-4] INFO  CustomerRun - Ticket purchased by robe234 (Event: rolo)
2024-12-10 12:12:32 [Thread-7] INFO  CustomerRun - Ticket purchased by robe234 (Event: holo)
2024-12-10 12:12:35 [Thread-6] INFO  CustomerRun - Ticket purchased by relo234 (Event: yolo)
2024-12-10 12:12:35 [Thread-5] INFO  CustomerRun - Ticket purchased by bele234 (Event: polo)
2024-12-10 12:12:35 [Thread-4] INFO  CustomerRun - Ticket purchased by robe234 (Event: rolo)
2024-12-10 12:12:35 [Thread-7] INFO  CustomerRun - Ticket purchased by robe234 (Event: holo)
2024-12-10 12:12:38 [Thread-6] INFO  CustomerRun - Ticket purchased by relo234 (Event: yolo)
2024-12-10 12:12:38 [Thread-5] INFO  CustomerRun - Ticket purchased by bele234 (Event: polo)
2024-12-10 12:12:38 [Thread-4] INFO  CustomerRun - Ticket purchased by robe234 (Event: rolo)
2024-12-10 12:12:38 [Thread-7] INFO  CustomerRun - Ticket purchased by robe234 (Event: holo)
2024-12-10 12:12:41 [Thread-5] INFO  CustomerRun - Ticket purchased by bele234 (Event: polo)
2024-12-10 12:12:41 [Thread-6] INFO  CustomerRun - Ticket purchased by relo234 (Event: yolo)
2024-12-10 12:12:41 [Thread-4] INFO  CustomerRun - Ticket purchased by robe234 (Event: rolo)
2024-12-10 12:12:41 [Thread-7] INFO  CustomerRun - Ticket purchased by robe234 (Event: holo)
2024-12-10 12:12:44 [Thread-5] INFO  CustomerRun - Ticket purchased by bele234 (Event: polo)
2024-12-10 12:12:44 [Thread-6] INFO  CustomerRun - Ticket purchased by relo234 (Event: yolo)
2024-12-10 12:12:44 [Thread-4] INFO  CustomerRun - Ticket purchased by robe234 (Event: rolo)
2024-12-10 12:12:44 [Thread-7] INFO  CustomerRun - Ticket purchased by robe234 (Event: holo)
2024-12-10 12:12:47 [Thread-4] INFO  CustomerRun - Ticket purchased by robe234 (Event: rolo)
2024-12-10 12:12:47 [Thread-5] INFO  CustomerRun - Ticket purchased by bele234 (Event: polo)
2024-12-10 12:12:47 [Thread-6] INFO  CustomerRun - Ticket purchased by relo234 (Event: yolo)
2024-12-10 12:12:47 [Thread-7] INFO  CustomerRun - Ticket purchased by robe234 (Event: holo)
2024-12-10 12:12:50 [Thread-4] INFO  CustomerRun - Ticket purchased by robe234 (Event: rolo)
2024-12-10 12:12:50 [Thread-5] INFO  CustomerRun - Ticket purchased by bele234 (Event: polo)
2024-12-10 12:12:50 [Thread-6] INFO  CustomerRun - Ticket purchased by relo234 (Event: yolo)
2024-12-10 12:12:50 [Thread-7] INFO  CustomerRun - Ticket purchased by robe234 (Event: holo)
2024-12-10 12:12:53 [Thread-4] INFO  CustomerRun - Ticket purchased by robe234 (Event: rolo)
2024-12-10 12:12:53 [Thread-5] INFO  CustomerRun - Ticket purchased by bele234 (Event: polo)
2024-12-10 12:12:53 [Thread-6] INFO  CustomerRun - Ticket purchased by relo234 (Event: yolo)
2024-12-10 12:12:53 [Thread-7] INFO  CustomerRun - Ticket purchased by robe234 (Event: holo)
2024-12-10 12:12:56 [Thread-4] INFO  CustomerRun - Ticket purchased by robe234 (Event: rolo)
2024-12-10 12:12:56 [Thread-5] INFO  CustomerRun - Ticket purchased by bele234 (Event: polo)
2024-12-10 12:12:56 [Thread-6] INFO  CustomerRun - Ticket purchased by relo234 (Event: yolo)
2024-12-10 12:12:56 [Thread-7] INFO  CustomerRun - Ticket purchased by robe234 (Event: holo)
2024-12-10 12:12:59 [Thread-5] INFO  CustomerRun - Ticket purchased by bele234 (Event: polo)
2024-12-10 12:12:59 [Thread-4] INFO  CustomerRun - Ticket purchased by robe234 (Event: rolo)
2024-12-10 12:12:59 [Thread-6] INFO  CustomerRun - Ticket purchased by relo234 (Event: yolo)
2024-12-10 12:12:59 [Thread-7] INFO  CustomerRun - Ticket purchased by robe234 (Event: holo)
2024-12-10 12:13:02 [Thread-4] INFO  CustomerRun - Ticket purchased by robe234 (Event: rolo)
2024-12-10 12:13:02 [Thread-5] INFO  CustomerRun - Ticket purchased by bele234 (Event: polo)
2024-12-10 12:13:02 [Thread-6] INFO  CustomerRun - Ticket purchased by relo234 (Event: yolo)
2024-12-10 12:13:02 [Thread-7] INFO  CustomerRun - Ticket purchased by robe234 (Event: holo)
2024-12-10 12:13:05 [Thread-5] INFO  CustomerRun - Ticket purchased by bele234 (Event: polo)
2024-12-10 12:13:05 [Thread-4] INFO  CustomerRun - Ticket purchased by robe234 (Event: rolo)
2024-12-10 12:13:05 [Thread-6] INFO  CustomerRun - Ticket purchased by relo234 (Event: yolo)
2024-12-10 12:13:05 [Thread-7] INFO  CustomerRun - Ticket purchased by robe234 (Event: holo)
2024-12-10 12:13:08 [Thread-5] INFO  CustomerRun - Ticket purchased by bele234 (Event: polo)
2024-12-10 12:13:08 [Thread-4] INFO  CustomerRun - Ticket purchased by robe234 (Event: rolo)
2024-12-10 12:13:08 [Thread-6] INFO  CustomerRun - Ticket purchased by relo234 (Event: yolo)
2024-12-10 12:13:08 [Thread-7] INFO  CustomerRun - Ticket purchased by robe234 (Event: holo)
2024-12-10 12:13:11 [Thread-5] INFO  CustomerRun - Ticket purchased by bele234 (Event: polo)
2024-12-10 12:13:11 [Thread-4] INFO  CustomerRun - Ticket purchased by robe234 (Event: rolo)
2024-12-10 12:13:11 [Thread-6] INFO  CustomerRun - Ticket purchased by relo234 (Event: yolo)
2024-12-10 12:13:11 [Thread-7] INFO  CustomerRun - Ticket purchased by robe234 (Event: holo)
2024-12-10 12:13:14 [Thread-5] INFO  CustomerRun - Ticket purchased by bele234 (Event: polo)
2024-12-10 12:13:14 [Thread-6] INFO  CustomerRun - Ticket purchased by relo234 (Event: yolo)
2024-12-10 12:13:14 [Thread-4] INFO  CustomerRun - Ticket purchased by robe234 (Event: rolo)
2024-12-10 12:13:14 [Thread-7] INFO  CustomerRun - Ticket purchased by robe234 (Event: holo)
2024-12-10 12:13:17 [Thread-5] INFO  CustomerRun - Ticket purchased by bele234 (Event: polo)
2024-12-10 12:13:17 [Thread-6] INFO  CustomerRun - Ticket purchased by relo234 (Event: yolo)
2024-12-10 12:13:17 [Thread-4] INFO  CustomerRun - Ticket purchased by robe234 (Event: rolo)
2024-12-10 12:13:17 [Thread-7] INFO  CustomerRun - Ticket purchased by robe234 (Event: holo)
2024-12-10 12:13:20 [Thread-6] INFO  CustomerRun - Ticket purchased by relo234 (Event: yolo)
2024-12-10 12:13:20 [Thread-5] INFO  CustomerRun - Ticket purchased by bele234 (Event: polo)
2024-12-10 12:13:20 [Thread-4] INFO  CustomerRun - Ticket purchased by robe234 (Event: rolo)
2024-12-10 12:13:20 [Thread-7] INFO  CustomerRun - Ticket purchased by robe234 (Event: holo)
2024-12-10 12:13:23 [Thread-5] INFO  CustomerRun - Ticket purchased by bele234 (Event: polo)
2024-12-10 12:13:23 [Thread-6] INFO  CustomerRun - Ticket purchased by relo234 (Event: yolo)
2024-12-10 12:13:23 [Thread-4] INFO  CustomerRun - Ticket purchased by robe234 (Event: rolo)
2024-12-10 12:13:23 [Thread-7] INFO  CustomerRun - Ticket purchased by robe234 (Event: holo)
2024-12-10 12:13:26 [Thread-5] INFO  CustomerRun - Ticket purchased by bele234 (Event: polo)
2024-12-10 12:13:26 [Thread-4] INFO  CustomerRun - Ticket purchased by robe234 (Event: rolo)
2024-12-10 12:13:26 [Thread-6] INFO  CustomerRun - Ticket purchased by relo234 (Event: yolo)
2024-12-10 12:13:26 [Thread-7] INFO  CustomerRun - Ticket purchased by robe234 (Event: holo)
2024-12-10 12:13:29 [Thread-5] INFO  CustomerRun - Ticket purchased by bele234 (Event: polo)
2024-12-10 12:13:29 [Thread-4] INFO  CustomerRun - Ticket purchased by robe234 (Event: rolo)
2024-12-10 12:13:29 [Thread-6] INFO  CustomerRun - Ticket purchased by relo234 (Event: yolo)
2024-12-10 12:13:29 [Thread-7] INFO  CustomerRun - Ticket purchased by robe234 (Event: holo)
2024-12-10 12:13:32 [Thread-5] INFO  CustomerRun - Ticket purchased by bele234 (Event: polo)
2024-12-10 12:13:32 [Thread-6] INFO  CustomerRun - Ticket purchased by relo234 (Event: yolo)
2024-12-10 12:13:32 [Thread-4] INFO  CustomerRun - Ticket purchased by robe234 (Event: rolo)
2024-12-10 12:13:32 [Thread-7] INFO  CustomerRun - Ticket purchased by robe234 (Event: holo)
2024-12-10 12:13:35 [Thread-5] INFO  CustomerRun - Ticket purchased by bele234 (Event: polo)
2024-12-10 12:13:35 [Thread-4] INFO  CustomerRun - Ticket purchased by robe234 (Event: rolo)
2024-12-10 12:13:35 [Thread-6] INFO  CustomerRun - Ticket purchased by relo234 (Event: yolo)
2024-12-10 12:13:35 [Thread-7] INFO  CustomerRun - Ticket purchased by robe234 (Event: holo)
2024-12-10 12:13:38 [Thread-5] INFO  CustomerRun - Ticket purchased by bele234 (Event: polo)
2024-12-10 12:13:38 [Thread-6] INFO  CustomerRun - Ticket purchased by relo234 (Event: yolo)
2024-12-10 12:13:38 [Thread-4] INFO  CustomerRun - Ticket purchased by robe234 (Event: rolo)
2024-12-10 12:13:39 [Thread-7] INFO  CustomerRun - Ticket purchased by robe234 (Event: holo)
2024-12-10 12:13:41 [Thread-5] INFO  CustomerRun - Ticket purchased by bele234 (Event: polo)
2024-12-10 12:13:41 [Thread-6] INFO  CustomerRun - Ticket purchased by relo234 (Event: yolo)
2024-12-10 12:13:41 [Thread-4] INFO  CustomerRun - Ticket purchased by robe234 (Event: rolo)
2024-12-10 12:13:42 [Thread-7] INFO  CustomerRun - Ticket purchased by robe234 (Event: holo)
2024-12-10 12:13:44 [Thread-5] INFO  CustomerRun - Ticket purchased by bele234 (Event: polo)
2024-12-10 12:13:44 [Thread-6] INFO  CustomerRun - Ticket purchased by relo234 (Event: yolo)
2024-12-10 12:13:44 [Thread-4] INFO  CustomerRun - Ticket purchased by robe234 (Event: rolo)
2024-12-10 12:13:45 [Thread-7] INFO  CustomerRun - Ticket purchased by robe234 (Event: holo)
2024-12-10 12:13:47 [Thread-5] INFO  CustomerRun - Ticket purchased by bele234 (Event: polo)
2024-12-10 12:13:47 [Thread-4] INFO  CustomerRun - Ticket purchased by robe234 (Event: rolo)
2024-12-10 12:13:47 [Thread-6] INFO  CustomerRun - Ticket purchased by relo234 (Event: yolo)
2024-12-10 12:13:48 [Thread-7] INFO  CustomerRun - Ticket purchased by robe234 (Event: holo)
2024-12-10 12:13:50 [Thread-5] INFO  CustomerRun - Ticket purchased by bele234 (Event: polo)
2024-12-10 12:13:50 [Thread-4] INFO  CustomerRun - Ticket purchased by robe234 (Event: rolo)
2024-12-10 12:13:50 [Thread-6] INFO  CustomerRun - Ticket purchased by relo234 (Event: yolo)
2024-12-10 12:13:51 [Thread-7] INFO  CustomerRun - Ticket purchased by robe234 (Event: holo)
2024-12-10 12:13:53 [Thread-4] INFO  CustomerRun - Ticket purchased by robe234 (Event: rolo)
2024-12-10 12:13:53 [Thread-5] INFO  CustomerRun - Ticket purchased by bele234 (Event: polo)
2024-12-10 12:13:53 [Thread-6] INFO  CustomerRun - Ticket purchased by relo234 (Event: yolo)
2024-12-10 12:13:54 [Thread-7] INFO  CustomerRun - Ticket purchased by robe234 (Event: holo)
2024-12-10 12:13:56 [Thread-6] INFO  CustomerRun - Ticket purchased by relo234 (Event: yolo)
2024-12-10 12:13:56 [Thread-4] INFO  CustomerRun - Ticket purchased by robe234 (Event: rolo)
2024-12-10 12:13:56 [Thread-5] INFO  CustomerRun - Ticket purchased by bele234 (Event: polo)
2024-12-10 12:13:57 [Thread-7] INFO  CustomerRun - Ticket purchased by robe234 (Event: holo)
2024-12-10 12:13:59 [Thread-6] INFO  CustomerRun - Ticket purchased by relo234 (Event: yolo)
2024-12-10 12:13:59 [Thread-4] INFO  CustomerRun - Ticket purchased by robe234 (Event: rolo)
2024-12-10 12:14:00 [Thread-5] INFO  CustomerRun - Ticket purchased by bele234 (Event: polo)
2024-12-10 12:14:00 [Thread-7] INFO  CustomerRun - Ticket purchased by robe234 (Event: holo)
2024-12-10 12:14:02 [Thread-4] INFO  CustomerRun - Ticket purchased by robe234 (Event: rolo)
2024-12-10 12:14:03 [Thread-6] INFO  CustomerRun - Ticket purchased by relo234 (Event: yolo)
2024-12-10 12:14:03 [Thread-5] INFO  CustomerRun - Ticket purchased by bele234 (Event: polo)
2024-12-10 12:14:03 [Thread-7] INFO  CustomerRun - Ticket purchased by robe234 (Event: holo)
2024-12-10 12:14:06 [Thread-4] INFO  CustomerRun - Ticket purchased by robe234 (Event: rolo)
2024-12-10 12:14:06 [Thread-6] INFO  CustomerRun - Ticket purchased by relo234 (Event: yolo)
2024-12-10 12:14:06 [Thread-5] INFO  CustomerRun - Ticket purchased by bele234 (Event: polo)
2024-12-10 12:14:06 [Thread-7] INFO  CustomerRun - Ticket purchased by robe234 (Event: holo)
2024-12-10 12:14:09 [Thread-4] INFO  CustomerRun - Ticket purchased by robe234 (Event: rolo)
2024-12-10 12:14:09 [Thread-6] INFO  CustomerRun - Ticket purchased by relo234 (Event: yolo)
2024-12-10 12:14:09 [Thread-5] INFO  CustomerRun - Ticket purchased by bele234 (Event: polo)
2024-12-10 12:14:09 [Thread-7] INFO  CustomerRun - Ticket purchased by robe234 (Event: holo)
2024-12-10 12:14:12 [Thread-4] INFO  CustomerRun - Ticket purchased by robe234 (Event: rolo)
2024-12-10 12:14:12 [Thread-6] INFO  CustomerRun - Ticket purchased by relo234 (Event: yolo)
2024-12-10 12:14:12 [Thread-5] INFO  CustomerRun - Ticket purchased by bele234 (Event: polo)
2024-12-10 12:14:12 [Thread-7] INFO  CustomerRun - Ticket purchased by robe234 (Event: holo)
2024-12-10 12:14:15 [Thread-4] INFO  CustomerRun - Ticket purchased by robe234 (Event: rolo)
2024-12-10 12:14:15 [Thread-6] INFO  CustomerRun - Ticket purchased by relo234 (Event: yolo)
2024-12-10 12:14:15 [Thread-5] INFO  CustomerRun - Ticket purchased by bele234 (Event: polo)
2024-12-10 12:14:15 [Thread-7] INFO  CustomerRun - Ticket purchased by robe234 (Event: holo)
2024-12-10 12:14:18 [Thread-4] INFO  CustomerRun - Ticket purchased by robe234 (Event: rolo)
2024-12-10 12:14:18 [Thread-6] INFO  CustomerRun - Ticket purchased by relo234 (Event: yolo)
2024-12-10 12:14:18 [Thread-5] INFO  CustomerRun - Ticket purchased by bele234 (Event: polo)
2024-12-10 12:14:18 [Thread-7] INFO  CustomerRun - Ticket purchased by robe234 (Event: holo)
2024-12-10 12:14:21 [Thread-6] INFO  CustomerRun - Ticket purchasing completed for consumer: relo234 (Event: yolo)
2024-12-10 12:14:21 [Thread-4] INFO  CustomerRun - Ticket purchasing completed for consumer: robe234 (Event: rolo)
2024-12-10 12:14:21 [Thread-5] INFO  CustomerRun - Ticket purchasing completed for consumer: bele234 (Event: polo)
2024-12-10 12:14:21 [Thread-7] INFO  CustomerRun - Ticket purchasing completed for consumer: robe234 (Event: holo)
